+ ml GCCcore/13.3.0 Python/3.12.3-GCCcore-13.3.0
++ /usr/share/lmod/lmod/libexec/ml_cmd GCCcore/13.3.0 Python/3.12.3-GCCcore-13.3.0
+ eval 'module  load '\''GCCcore/13.3.0'\'' '\''Python/3.12.3-GCCcore-13.3.0'\'''
++ module load GCCcore/13.3.0 Python/3.12.3-GCCcore-13.3.0
++ '[' -z '' ']'
++ case "$-" in
++ __lmod_sh_dbg=x
++ '[' -n x ']'
++ set +x
Shell debugging temporarily silenced: export LMOD_SH_DBG_ON=1 for Lmod's output
Shell debugging restarted
++ unset __lmod_sh_dbg
++ return 0
+ export OMP_NUM_THREADS=8
+ OMP_NUM_THREADS=8
+ export SRUN_CPUS_PER_TASK=8
+ SRUN_CPUS_PER_TASK=8
+ source /fast/home/nishant.kumar/venv_python_3.10/bin/activate
++ deactivate nondestructive
++ '[' -n '' ']'
++ '[' -n '' ']'
++ hash -r
++ '[' -n '' ']'
++ unset VIRTUAL_ENV
++ unset VIRTUAL_ENV_PROMPT
++ '[' '!' nondestructive = nondestructive ']'
++ '[' linux-gnu = cygwin ']'
++ '[' linux-gnu = msys ']'
++ export VIRTUAL_ENV=/fast/home/nishant.kumar/venv_python_3.10
++ VIRTUAL_ENV=/fast/home/nishant.kumar/venv_python_3.10
++ _OLD_VIRTUAL_PATH=/fast/service/apps/software/Python/3.12.3-GCCcore-13.3.0/bin:/fast/service/apps/software/OpenSSL/3/bin:/fast/service/apps/software/XZ/5.4.5-GCCcore-13.3.0/bin:/fast/service/apps/software/SQLite/3.45.3-GCCcore-13.3.0/bin:/fast/service/apps/software/Tcl/8.6.14-GCCcore-13.3.0/bin:/fast/service/apps/software/ncurses/6.5-GCCcore-13.3.0/bin:/fast/service/apps/software/bzip2/1.0.8-GCCcore-13.3.0/bin:/fast/service/apps/software/binutils/2.42-GCCcore-13.3.0/bin:/fast/service/apps/software/GCCcore/13.3.0/bin:/fast/home/nishant.kumar/venv_python_3.10/bin:/home/nishant.kumar/miniconda3/bin:/home/nishant.kumar/.local/bin:/home/nishant.kumar/bin:/usr/share/Modules/bin:/opt/miniforge3/condabin:/opt/miniforge3/bin:/usr/local/bin:/usr/bin:/usr/local/sbin:/usr/sbin:/opt/puppetlabs/bin
++ PATH=/fast/home/nishant.kumar/venv_python_3.10/bin:/fast/service/apps/software/Python/3.12.3-GCCcore-13.3.0/bin:/fast/service/apps/software/OpenSSL/3/bin:/fast/service/apps/software/XZ/5.4.5-GCCcore-13.3.0/bin:/fast/service/apps/software/SQLite/3.45.3-GCCcore-13.3.0/bin:/fast/service/apps/software/Tcl/8.6.14-GCCcore-13.3.0/bin:/fast/service/apps/software/ncurses/6.5-GCCcore-13.3.0/bin:/fast/service/apps/software/bzip2/1.0.8-GCCcore-13.3.0/bin:/fast/service/apps/software/binutils/2.42-GCCcore-13.3.0/bin:/fast/service/apps/software/GCCcore/13.3.0/bin:/fast/home/nishant.kumar/venv_python_3.10/bin:/home/nishant.kumar/miniconda3/bin:/home/nishant.kumar/.local/bin:/home/nishant.kumar/bin:/usr/share/Modules/bin:/opt/miniforge3/condabin:/opt/miniforge3/bin:/usr/local/bin:/usr/bin:/usr/local/sbin:/usr/sbin:/opt/puppetlabs/bin
++ export PATH
++ '[' -n '' ']'
++ '[' -z '' ']'
++ _OLD_VIRTUAL_PS1=
++ PS1='(venv_python_3.10) '
++ export PS1
++ VIRTUAL_ENV_PROMPT='(venv_python_3.10) '
++ export VIRTUAL_ENV_PROMPT
++ hash -r
+ export CUDA_VISIBLE_DEVICES=0,1,2,3
+ CUDA_VISIBLE_DEVICES=0,1,2,3
+ export MASTER_PORT=12340
+ MASTER_PORT=12340
++ scontrol show hostnames hai001
++ head -n 1
+ master_addr=hai001
+ export MASTER_ADDR=hai001
+ MASTER_ADDR=hai001
+ torchrun train.py --global-batch-size 32
Starting rank=0, seed=0, world_size=1.
[[34m2025-06-20 17:15:47[0m] Experiment directory created at results/010-DiT-XL-2
[[34m2025-06-20 17:15:55[0m] DiT Parameters: 675,129,632
[[34m2025-06-20 17:15:55[0m] Training samples: 1460, Validation samples: 492
[[34m2025-06-20 17:15:56[0m] Training for 1400 epochs...
[[34m2025-06-20 17:15:56[0m] Beginning epoch 0...
[[34m2025-06-20 17:16:00[0m] (step=0000010) Train Loss: 0.9213, Train Steps/Sec: 2.45
[[34m2025-06-20 17:16:03[0m] (step=0000020) Train Loss: 0.4503, Train Steps/Sec: 3.38
[[34m2025-06-20 17:16:06[0m] (step=0000030) Train Loss: 0.2115, Train Steps/Sec: 3.38
[[34m2025-06-20 17:16:08[0m] (step=0000040) Train Loss: 0.1222, Train Steps/Sec: 3.39
[[34m2025-06-20 17:16:10[0m] Beginning epoch 1...
[[34m2025-06-20 17:16:12[0m] (step=0000050) Train Loss: 0.0665, Train Steps/Sec: 3.16
[[34m2025-06-20 17:16:15[0m] (step=0000060) Train Loss: 0.0703, Train Steps/Sec: 3.39
[[34m2025-06-20 17:16:18[0m] (step=0000070) Train Loss: 0.0581, Train Steps/Sec: 3.38
[[34m2025-06-20 17:16:20[0m] (step=0000080) Train Loss: 0.0497, Train Steps/Sec: 3.39
[[34m2025-06-20 17:16:23[0m] (step=0000090) Train Loss: 0.0540, Train Steps/Sec: 3.39
[[34m2025-06-20 17:16:23[0m] Beginning epoch 2...
[[34m2025-06-20 17:16:27[0m] (step=0000100) Train Loss: 0.0555, Train Steps/Sec: 3.17
[[34m2025-06-20 17:16:30[0m] (step=0000110) Train Loss: 0.0415, Train Steps/Sec: 3.38
[[34m2025-06-20 17:16:33[0m] (step=0000120) Train Loss: 0.0378, Train Steps/Sec: 3.38
[[34m2025-06-20 17:16:35[0m] (step=0000130) Train Loss: 0.0381, Train Steps/Sec: 3.39
[[34m2025-06-20 17:16:37[0m] Beginning epoch 3...
[[34m2025-06-20 17:16:39[0m] (step=0000140) Train Loss: 0.0344, Train Steps/Sec: 3.12
[[34m2025-06-20 17:16:42[0m] (step=0000150) Train Loss: 0.0252, Train Steps/Sec: 3.38
[[34m2025-06-20 17:16:45[0m] (step=0000160) Train Loss: 0.0179, Train Steps/Sec: 3.38
[[34m2025-06-20 17:16:48[0m] (step=0000170) Train Loss: 0.0177, Train Steps/Sec: 3.38
[[34m2025-06-20 17:16:51[0m] (step=0000180) Train Loss: 0.0206, Train Steps/Sec: 3.39
[[34m2025-06-20 17:16:51[0m] Beginning epoch 4...
[[34m2025-06-20 17:16:54[0m] (step=0000190) Train Loss: 0.0128, Train Steps/Sec: 3.15
[[34m2025-06-20 17:16:57[0m] (step=0000200) Train Loss: 0.0127, Train Steps/Sec: 3.38
[[34m2025-06-20 17:17:00[0m] (step=0000210) Train Loss: 0.0264, Train Steps/Sec: 3.38
[[34m2025-06-20 17:17:03[0m] (step=0000220) Train Loss: 0.0212, Train Steps/Sec: 3.38
[[34m2025-06-20 17:17:04[0m] Beginning epoch 5...
[[34m2025-06-20 17:17:06[0m] (step=0000230) Train Loss: 0.0197, Train Steps/Sec: 3.15
[[34m2025-06-20 17:17:09[0m] (step=0000240) Train Loss: 0.0132, Train Steps/Sec: 3.38
[[34m2025-06-20 17:17:12[0m] (step=0000250) Train Loss: 0.0158, Train Steps/Sec: 3.38
[[34m2025-06-20 17:17:15[0m] (step=0000260) Train Loss: 0.0173, Train Steps/Sec: 3.38
[[34m2025-06-20 17:17:18[0m] (step=0000270) Train Loss: 0.0152, Train Steps/Sec: 3.39
[[34m2025-06-20 17:17:18[0m] Beginning epoch 6...
[[34m2025-06-20 17:17:21[0m] (step=0000280) Train Loss: 0.0110, Train Steps/Sec: 3.13
[[34m2025-06-20 17:17:24[0m] (step=0000290) Train Loss: 0.0099, Train Steps/Sec: 3.37
[[34m2025-06-20 17:17:27[0m] (step=0000300) Train Loss: 0.0181, Train Steps/Sec: 3.38
[[34m2025-06-20 17:17:30[0m] (step=0000310) Train Loss: 0.0156, Train Steps/Sec: 3.38
[[34m2025-06-20 17:17:31[0m] Beginning epoch 7...
[[34m2025-06-20 17:17:33[0m] (step=0000320) Train Loss: 0.0124, Train Steps/Sec: 3.16
[[34m2025-06-20 17:17:36[0m] (step=0000330) Train Loss: 0.0124, Train Steps/Sec: 3.38
[[34m2025-06-20 17:17:39[0m] (step=0000340) Train Loss: 0.0113, Train Steps/Sec: 3.38
[[34m2025-06-20 17:17:42[0m] (step=0000350) Train Loss: 0.0116, Train Steps/Sec: 3.37
[[34m2025-06-20 17:17:45[0m] (step=0000360) Train Loss: 0.0064, Train Steps/Sec: 3.38
[[34m2025-06-20 17:17:45[0m] Beginning epoch 8...
[[34m2025-06-20 17:17:48[0m] (step=0000370) Train Loss: 0.0063, Train Steps/Sec: 3.18
[[34m2025-06-20 17:17:51[0m] (step=0000380) Train Loss: 0.0079, Train Steps/Sec: 3.38
[[34m2025-06-20 17:17:54[0m] (step=0000390) Train Loss: 0.0133, Train Steps/Sec: 3.38
[[34m2025-06-20 17:17:57[0m] (step=0000400) Train Loss: 0.0079, Train Steps/Sec: 3.38
[[34m2025-06-20 17:17:58[0m] Beginning epoch 9...
[[34m2025-06-20 17:18:00[0m] (step=0000410) Train Loss: 0.0061, Train Steps/Sec: 3.17
[[34m2025-06-20 17:18:03[0m] (step=0000420) Train Loss: 0.0081, Train Steps/Sec: 3.38
[[34m2025-06-20 17:18:06[0m] (step=0000430) Train Loss: 0.0151, Train Steps/Sec: 3.38
[[34m2025-06-20 17:18:09[0m] (step=0000440) Train Loss: 0.0065, Train Steps/Sec: 3.38
[[34m2025-06-20 17:18:12[0m] (step=0000450) Train Loss: 0.0070, Train Steps/Sec: 3.39
[[34m2025-06-20 17:18:12[0m] Beginning epoch 10...
[[34m2025-06-20 17:18:15[0m] (step=0000460) Train Loss: 0.0095, Train Steps/Sec: 3.17
[[34m2025-06-20 17:18:18[0m] (step=0000470) Train Loss: 0.0191, Train Steps/Sec: 3.38
[[34m2025-06-20 17:18:21[0m] (step=0000480) Train Loss: 0.0159, Train Steps/Sec: 3.38
[[34m2025-06-20 17:18:24[0m] (step=0000490) Train Loss: 0.0095, Train Steps/Sec: 3.38
[[34m2025-06-20 17:18:25[0m] Beginning epoch 11...
[[34m2025-06-20 17:18:27[0m] (step=0000500) Train Loss: 0.0074, Train Steps/Sec: 3.16
[[34m2025-06-20 17:19:12[0m] Saved checkpoint to results/010-DiT-XL-2/checkpoints/0000500.pt
[[34m2025-06-20 17:19:15[0m] (step=0000510) Train Loss: 0.0048, Train Steps/Sec: 0.21
[[34m2025-06-20 17:19:18[0m] (step=0000520) Train Loss: 0.0058, Train Steps/Sec: 3.39
[[34m2025-06-20 17:19:21[0m] (step=0000530) Train Loss: 0.0138, Train Steps/Sec: 3.39
[[34m2025-06-20 17:19:24[0m] (step=0000540) Train Loss: 0.0083, Train Steps/Sec: 3.40
[[34m2025-06-20 17:19:24[0m] Beginning epoch 12...
[[34m2025-06-20 17:19:27[0m] (step=0000550) Train Loss: 0.0060, Train Steps/Sec: 3.16
[[34m2025-06-20 17:19:30[0m] (step=0000560) Train Loss: 0.0061, Train Steps/Sec: 3.39
[[34m2025-06-20 17:19:33[0m] (step=0000570) Train Loss: 0.0066, Train Steps/Sec: 3.39
[[34m2025-06-20 17:19:36[0m] (step=0000580) Train Loss: 0.0054, Train Steps/Sec: 3.39
[[34m2025-06-20 17:19:37[0m] Beginning epoch 13...
[[34m2025-06-20 17:19:39[0m] (step=0000590) Train Loss: 0.0143, Train Steps/Sec: 3.15
[[34m2025-06-20 17:19:42[0m] (step=0000600) Train Loss: 0.0120, Train Steps/Sec: 3.39
[[34m2025-06-20 17:19:45[0m] (step=0000610) Train Loss: 0.0116, Train Steps/Sec: 3.39
[[34m2025-06-20 17:19:48[0m] (step=0000620) Train Loss: 0.0060, Train Steps/Sec: 3.39
[[34m2025-06-20 17:19:51[0m] (step=0000630) Train Loss: 0.0052, Train Steps/Sec: 3.39
[[34m2025-06-20 17:19:51[0m] Beginning epoch 14...
[[34m2025-06-20 17:19:54[0m] (step=0000640) Train Loss: 0.0102, Train Steps/Sec: 3.15
[[34m2025-06-20 17:19:57[0m] (step=0000650) Train Loss: 0.0060, Train Steps/Sec: 3.39
[[34m2025-06-20 17:20:00[0m] (step=0000660) Train Loss: 0.0059, Train Steps/Sec: 3.39
[[34m2025-06-20 17:20:03[0m] (step=0000670) Train Loss: 0.0051, Train Steps/Sec: 3.39
[[34m2025-06-20 17:20:04[0m] Beginning epoch 15...
[[34m2025-06-20 17:20:06[0m] (step=0000680) Train Loss: 0.0069, Train Steps/Sec: 3.12
[[34m2025-06-20 17:20:09[0m] (step=0000690) Train Loss: 0.0078, Train Steps/Sec: 3.37
[[34m2025-06-20 17:20:12[0m] (step=0000700) Train Loss: 0.0141, Train Steps/Sec: 3.37
[[34m2025-06-20 17:20:15[0m] (step=0000710) Train Loss: 0.0044, Train Steps/Sec: 3.39
[[34m2025-06-20 17:20:18[0m] (step=0000720) Train Loss: 0.0060, Train Steps/Sec: 3.34
[[34m2025-06-20 17:20:18[0m] Beginning epoch 16...
[[34m2025-06-20 17:20:21[0m] (step=0000730) Train Loss: 0.0039, Train Steps/Sec: 3.12
[[34m2025-06-20 17:20:24[0m] (step=0000740) Train Loss: 0.0068, Train Steps/Sec: 3.38
[[34m2025-06-20 17:20:27[0m] (step=0000750) Train Loss: 0.0053, Train Steps/Sec: 3.36
[[34m2025-06-20 17:20:30[0m] (step=0000760) Train Loss: 0.0074, Train Steps/Sec: 3.37
[[34m2025-06-20 17:20:31[0m] Beginning epoch 17...
[[34m2025-06-20 17:20:33[0m] (step=0000770) Train Loss: 0.0070, Train Steps/Sec: 3.15
[[34m2025-06-20 17:20:36[0m] (step=0000780) Train Loss: 0.0094, Train Steps/Sec: 3.38
[[34m2025-06-20 17:20:39[0m] (step=0000790) Train Loss: 0.0118, Train Steps/Sec: 3.37
[[34m2025-06-20 17:20:42[0m] (step=0000800) Train Loss: 0.0058, Train Steps/Sec: 3.37
[[34m2025-06-20 17:20:45[0m] (step=0000810) Train Loss: 0.0045, Train Steps/Sec: 3.38
[[34m2025-06-20 17:20:45[0m] Beginning epoch 18...
[[34m2025-06-20 17:20:48[0m] (step=0000820) Train Loss: 0.0116, Train Steps/Sec: 3.15
[[34m2025-06-20 17:20:51[0m] (step=0000830) Train Loss: 0.0159, Train Steps/Sec: 3.38
[[34m2025-06-20 17:20:54[0m] (step=0000840) Train Loss: 0.0126, Train Steps/Sec: 3.38
[[34m2025-06-20 17:20:57[0m] (step=0000850) Train Loss: 0.0133, Train Steps/Sec: 3.38
[[34m2025-06-20 17:20:58[0m] Beginning epoch 19...
[[34m2025-06-20 17:21:00[0m] (step=0000860) Train Loss: 0.0092, Train Steps/Sec: 3.14
[[34m2025-06-20 17:21:03[0m] (step=0000870) Train Loss: 0.0068, Train Steps/Sec: 3.38
[[34m2025-06-20 17:21:06[0m] (step=0000880) Train Loss: 0.0074, Train Steps/Sec: 3.38
[[34m2025-06-20 17:21:09[0m] (step=0000890) Train Loss: 0.0091, Train Steps/Sec: 3.38
[[34m2025-06-20 17:21:12[0m] (step=0000900) Train Loss: 0.0062, Train Steps/Sec: 3.38
[[34m2025-06-20 17:21:12[0m] Beginning epoch 20...
[[34m2025-06-20 17:21:15[0m] (step=0000910) Train Loss: 0.0120, Train Steps/Sec: 3.13
[[34m2025-06-20 17:21:18[0m] (step=0000920) Train Loss: 0.0107, Train Steps/Sec: 3.38
[[34m2025-06-20 17:21:21[0m] (step=0000930) Train Loss: 0.0161, Train Steps/Sec: 3.38
[[34m2025-06-20 17:21:24[0m] (step=0000940) Train Loss: 0.0053, Train Steps/Sec: 3.38
[[34m2025-06-20 17:21:26[0m] Beginning epoch 21...
[[34m2025-06-20 17:21:27[0m] (step=0000950) Train Loss: 0.0061, Train Steps/Sec: 3.14
[[34m2025-06-20 17:21:30[0m] (step=0000960) Train Loss: 0.0099, Train Steps/Sec: 3.38
[[34m2025-06-20 17:21:33[0m] (step=0000970) Train Loss: 0.0116, Train Steps/Sec: 3.38
[[34m2025-06-20 17:21:36[0m] (step=0000980) Train Loss: 0.0039, Train Steps/Sec: 3.38
[[34m2025-06-20 17:21:39[0m] (step=0000990) Train Loss: 0.0081, Train Steps/Sec: 3.38
[[34m2025-06-20 17:21:39[0m] Beginning epoch 22...
[[34m2025-06-20 17:21:42[0m] (step=0001000) Train Loss: 0.0040, Train Steps/Sec: 3.15
[[34m2025-06-20 17:22:27[0m] Saved checkpoint to results/010-DiT-XL-2/checkpoints/0001000.pt
[[34m2025-06-20 17:22:30[0m] (step=0001010) Train Loss: 0.0133, Train Steps/Sec: 0.21
[[34m2025-06-20 17:22:33[0m] (step=0001020) Train Loss: 0.0175, Train Steps/Sec: 3.38
[[34m2025-06-20 17:22:36[0m] (step=0001030) Train Loss: 0.0103, Train Steps/Sec: 3.38
[[34m2025-06-20 17:22:38[0m] Beginning epoch 23...
[[34m2025-06-20 17:22:39[0m] (step=0001040) Train Loss: 0.0104, Train Steps/Sec: 3.16
[[34m2025-06-20 17:22:42[0m] (step=0001050) Train Loss: 0.0047, Train Steps/Sec: 3.38
[[34m2025-06-20 17:22:45[0m] (step=0001060) Train Loss: 0.0037, Train Steps/Sec: 3.38
[[34m2025-06-20 17:22:48[0m] (step=0001070) Train Loss: 0.0049, Train Steps/Sec: 3.38
[[34m2025-06-20 17:22:51[0m] (step=0001080) Train Loss: 0.0064, Train Steps/Sec: 3.38
[[34m2025-06-20 17:22:51[0m] Beginning epoch 24...
[[34m2025-06-20 17:22:54[0m] (step=0001090) Train Loss: 0.0061, Train Steps/Sec: 3.14
[[34m2025-06-20 17:22:57[0m] (step=0001100) Train Loss: 0.0061, Train Steps/Sec: 3.38
[[34m2025-06-20 17:23:00[0m] (step=0001110) Train Loss: 0.0046, Train Steps/Sec: 3.38
[[34m2025-06-20 17:23:03[0m] (step=0001120) Train Loss: 0.0077, Train Steps/Sec: 3.38
[[34m2025-06-20 17:23:05[0m] Beginning epoch 25...
[[34m2025-06-20 17:23:06[0m] (step=0001130) Train Loss: 0.0112, Train Steps/Sec: 3.13
[[34m2025-06-20 17:23:09[0m] (step=0001140) Train Loss: 0.0157, Train Steps/Sec: 3.37
[[34m2025-06-20 17:23:12[0m] (step=0001150) Train Loss: 0.0154, Train Steps/Sec: 3.38
[[34m2025-06-20 17:23:15[0m] (step=0001160) Train Loss: 0.0094, Train Steps/Sec: 3.38
[[34m2025-06-20 17:23:18[0m] (step=0001170) Train Loss: 0.0050, Train Steps/Sec: 3.38
[[34m2025-06-20 17:23:18[0m] Beginning epoch 26...
[[34m2025-06-20 17:23:21[0m] (step=0001180) Train Loss: 0.0171, Train Steps/Sec: 3.14
[[34m2025-06-20 17:23:24[0m] (step=0001190) Train Loss: 0.0042, Train Steps/Sec: 3.38
[[34m2025-06-20 17:23:27[0m] (step=0001200) Train Loss: 0.0044, Train Steps/Sec: 3.37
[[34m2025-06-20 17:23:30[0m] (step=0001210) Train Loss: 0.0103, Train Steps/Sec: 3.38
[[34m2025-06-20 17:23:32[0m] Beginning epoch 27...
[[34m2025-06-20 17:23:34[0m] (step=0001220) Train Loss: 0.0063, Train Steps/Sec: 3.12
[[34m2025-06-20 17:23:36[0m] (step=0001230) Train Loss: 0.0111, Train Steps/Sec: 3.37
[[34m2025-06-20 17:23:39[0m] (step=0001240) Train Loss: 0.0074, Train Steps/Sec: 3.37
[[34m2025-06-20 17:23:42[0m] (step=0001250) Train Loss: 0.0073, Train Steps/Sec: 3.38
[[34m2025-06-20 17:23:46[0m] (step=0001260) Train Loss: 0.0126, Train Steps/Sec: 3.21
[[34m2025-06-20 17:23:46[0m] Beginning epoch 28...
[[34m2025-06-20 17:23:49[0m] (step=0001270) Train Loss: 0.0078, Train Steps/Sec: 3.13
[[34m2025-06-20 17:23:52[0m] (step=0001280) Train Loss: 0.0039, Train Steps/Sec: 3.38
[[34m2025-06-20 17:23:55[0m] (step=0001290) Train Loss: 0.0040, Train Steps/Sec: 3.38
[[34m2025-06-20 17:23:58[0m] (step=0001300) Train Loss: 0.0086, Train Steps/Sec: 3.38
[[34m2025-06-20 17:23:59[0m] Beginning epoch 29...
[[34m2025-06-20 17:24:01[0m] (step=0001310) Train Loss: 0.0055, Train Steps/Sec: 3.15
[[34m2025-06-20 17:24:04[0m] (step=0001320) Train Loss: 0.0101, Train Steps/Sec: 3.38
[[34m2025-06-20 17:24:07[0m] (step=0001330) Train Loss: 0.0078, Train Steps/Sec: 3.37
[[34m2025-06-20 17:24:10[0m] (step=0001340) Train Loss: 0.0069, Train Steps/Sec: 3.37
[[34m2025-06-20 17:24:13[0m] (step=0001350) Train Loss: 0.0054, Train Steps/Sec: 3.38
[[34m2025-06-20 17:24:13[0m] Beginning epoch 30...
[[34m2025-06-20 17:24:16[0m] (step=0001360) Train Loss: 0.0052, Train Steps/Sec: 3.14
[[34m2025-06-20 17:24:19[0m] (step=0001370) Train Loss: 0.0072, Train Steps/Sec: 3.37
[[34m2025-06-20 17:24:22[0m] (step=0001380) Train Loss: 0.0126, Train Steps/Sec: 3.37
[[34m2025-06-20 17:24:25[0m] (step=0001390) Train Loss: 0.0039, Train Steps/Sec: 3.38
[[34m2025-06-20 17:24:26[0m] Beginning epoch 31...
[[34m2025-06-20 17:24:28[0m] (step=0001400) Train Loss: 0.0058, Train Steps/Sec: 3.14
[[34m2025-06-20 17:24:31[0m] (step=0001410) Train Loss: 0.0101, Train Steps/Sec: 3.37
[[34m2025-06-20 17:24:34[0m] (step=0001420) Train Loss: 0.0168, Train Steps/Sec: 3.38
[[34m2025-06-20 17:24:37[0m] (step=0001430) Train Loss: 0.0045, Train Steps/Sec: 3.36
[[34m2025-06-20 17:24:40[0m] (step=0001440) Train Loss: 0.0088, Train Steps/Sec: 3.37
[[34m2025-06-20 17:24:40[0m] Beginning epoch 32...
[[34m2025-06-20 17:24:43[0m] (step=0001450) Train Loss: 0.0100, Train Steps/Sec: 3.13
[[34m2025-06-20 17:24:46[0m] (step=0001460) Train Loss: 0.0070, Train Steps/Sec: 3.38
[[34m2025-06-20 17:24:49[0m] (step=0001470) Train Loss: 0.0033, Train Steps/Sec: 3.38
[[34m2025-06-20 17:24:52[0m] (step=0001480) Train Loss: 0.0093, Train Steps/Sec: 3.38
[[34m2025-06-20 17:24:53[0m] Beginning epoch 33...
[[34m2025-06-20 17:24:55[0m] (step=0001490) Train Loss: 0.0094, Train Steps/Sec: 3.15
[[34m2025-06-20 17:24:58[0m] (step=0001500) Train Loss: 0.0051, Train Steps/Sec: 3.37
[[34m2025-06-20 17:25:43[0m] Saved checkpoint to results/010-DiT-XL-2/checkpoints/0001500.pt
[[34m2025-06-20 17:25:46[0m] (step=0001510) Train Loss: 0.0079, Train Steps/Sec: 0.21
[[34m2025-06-20 17:25:49[0m] (step=0001520) Train Loss: 0.0110, Train Steps/Sec: 3.38
[[34m2025-06-20 17:25:52[0m] (step=0001530) Train Loss: 0.0065, Train Steps/Sec: 3.39
[[34m2025-06-20 17:25:52[0m] Beginning epoch 34...
[[34m2025-06-20 17:25:55[0m] (step=0001540) Train Loss: 0.0139, Train Steps/Sec: 3.16
[[34m2025-06-20 17:25:58[0m] (step=0001550) Train Loss: 0.0041, Train Steps/Sec: 3.39
[[34m2025-06-20 17:26:01[0m] (step=0001560) Train Loss: 0.0085, Train Steps/Sec: 3.39
[[34m2025-06-20 17:26:04[0m] (step=0001570) Train Loss: 0.0042, Train Steps/Sec: 3.38
[[34m2025-06-20 17:26:05[0m] Beginning epoch 35...
[[34m2025-06-20 17:26:07[0m] (step=0001580) Train Loss: 0.0034, Train Steps/Sec: 3.14
[[34m2025-06-20 17:26:10[0m] (step=0001590) Train Loss: 0.0119, Train Steps/Sec: 3.38
[[34m2025-06-20 17:26:13[0m] (step=0001600) Train Loss: 0.0067, Train Steps/Sec: 3.38
[[34m2025-06-20 17:26:16[0m] (step=0001610) Train Loss: 0.0060, Train Steps/Sec: 3.38
[[34m2025-06-20 17:26:19[0m] (step=0001620) Train Loss: 0.0045, Train Steps/Sec: 3.39
[[34m2025-06-20 17:26:19[0m] Beginning epoch 36...
[[34m2025-06-20 17:26:22[0m] (step=0001630) Train Loss: 0.0050, Train Steps/Sec: 3.11
[[34m2025-06-20 17:26:25[0m] (step=0001640) Train Loss: 0.0098, Train Steps/Sec: 3.38
[[34m2025-06-20 17:26:28[0m] (step=0001650) Train Loss: 0.0040, Train Steps/Sec: 3.38
[[34m2025-06-20 17:26:31[0m] (step=0001660) Train Loss: 0.0081, Train Steps/Sec: 3.38
[[34m2025-06-20 17:26:32[0m] Beginning epoch 37...
[[34m2025-06-20 17:26:34[0m] (step=0001670) Train Loss: 0.0040, Train Steps/Sec: 3.14
[[34m2025-06-20 17:26:37[0m] (step=0001680) Train Loss: 0.0093, Train Steps/Sec: 3.38
[[34m2025-06-20 17:26:40[0m] (step=0001690) Train Loss: 0.0059, Train Steps/Sec: 3.38
[[34m2025-06-20 17:26:43[0m] (step=0001700) Train Loss: 0.0051, Train Steps/Sec: 3.38
[[34m2025-06-20 17:26:46[0m] (step=0001710) Train Loss: 0.0087, Train Steps/Sec: 3.38
[[34m2025-06-20 17:26:46[0m] Beginning epoch 38...
[[34m2025-06-20 17:26:49[0m] (step=0001720) Train Loss: 0.0093, Train Steps/Sec: 3.16
[[34m2025-06-20 17:26:52[0m] (step=0001730) Train Loss: 0.0109, Train Steps/Sec: 3.38
[[34m2025-06-20 17:26:55[0m] (step=0001740) Train Loss: 0.0049, Train Steps/Sec: 3.38
[[34m2025-06-20 17:26:58[0m] (step=0001750) Train Loss: 0.0116, Train Steps/Sec: 3.38
[[34m2025-06-20 17:26:59[0m] Beginning epoch 39...
[[34m2025-06-20 17:27:01[0m] (step=0001760) Train Loss: 0.0072, Train Steps/Sec: 3.15
[[34m2025-06-20 17:27:04[0m] (step=0001770) Train Loss: 0.0041, Train Steps/Sec: 3.38
[[34m2025-06-20 17:27:07[0m] (step=0001780) Train Loss: 0.0052, Train Steps/Sec: 3.38
[[34m2025-06-20 17:27:10[0m] (step=0001790) Train Loss: 0.0051, Train Steps/Sec: 3.38
[[34m2025-06-20 17:27:13[0m] (step=0001800) Train Loss: 0.0037, Train Steps/Sec: 3.38
[[34m2025-06-20 17:27:13[0m] Beginning epoch 40...
[[34m2025-06-20 17:27:16[0m] (step=0001810) Train Loss: 0.0045, Train Steps/Sec: 3.15
[[34m2025-06-20 17:27:19[0m] (step=0001820) Train Loss: 0.0096, Train Steps/Sec: 3.38
[[34m2025-06-20 17:27:22[0m] (step=0001830) Train Loss: 0.0036, Train Steps/Sec: 3.38
[[34m2025-06-20 17:27:25[0m] (step=0001840) Train Loss: 0.0043, Train Steps/Sec: 3.38
[[34m2025-06-20 17:27:27[0m] Beginning epoch 41...
[[34m2025-06-20 17:27:28[0m] (step=0001850) Train Loss: 0.0038, Train Steps/Sec: 3.12
[[34m2025-06-20 17:27:31[0m] (step=0001860) Train Loss: 0.0050, Train Steps/Sec: 3.38
[[34m2025-06-20 17:27:34[0m] (step=0001870) Train Loss: 0.0066, Train Steps/Sec: 3.38
[[34m2025-06-20 17:27:37[0m] (step=0001880) Train Loss: 0.0044, Train Steps/Sec: 3.38
[[34m2025-06-20 17:27:40[0m] (step=0001890) Train Loss: 0.0035, Train Steps/Sec: 3.38
[[34m2025-06-20 17:27:40[0m] Beginning epoch 42...
[[34m2025-06-20 17:27:43[0m] (step=0001900) Train Loss: 0.0043, Train Steps/Sec: 3.15
[[34m2025-06-20 17:27:46[0m] (step=0001910) Train Loss: 0.0058, Train Steps/Sec: 3.38
[[34m2025-06-20 17:27:49[0m] (step=0001920) Train Loss: 0.0114, Train Steps/Sec: 3.38
[[34m2025-06-20 17:27:52[0m] (step=0001930) Train Loss: 0.0037, Train Steps/Sec: 3.38
[[34m2025-06-20 17:27:54[0m] Beginning epoch 43...
[[34m2025-06-20 17:27:55[0m] (step=0001940) Train Loss: 0.0126, Train Steps/Sec: 3.16
[[34m2025-06-20 17:27:58[0m] (step=0001950) Train Loss: 0.0053, Train Steps/Sec: 3.38
[[34m2025-06-20 17:28:01[0m] (step=0001960) Train Loss: 0.0036, Train Steps/Sec: 3.38
[[34m2025-06-20 17:28:04[0m] (step=0001970) Train Loss: 0.0073, Train Steps/Sec: 3.38
[[34m2025-06-20 17:28:07[0m] (step=0001980) Train Loss: 0.0054, Train Steps/Sec: 3.38
[[34m2025-06-20 17:28:07[0m] Beginning epoch 44...
[[34m2025-06-20 17:28:10[0m] (step=0001990) Train Loss: 0.0070, Train Steps/Sec: 3.14
[[34m2025-06-20 17:28:13[0m] (step=0002000) Train Loss: 0.0041, Train Steps/Sec: 3.38
[[34m2025-06-20 17:28:59[0m] Saved checkpoint to results/010-DiT-XL-2/checkpoints/0002000.pt
[[34m2025-06-20 17:29:02[0m] (step=0002010) Train Loss: 0.0031, Train Steps/Sec: 0.21
[[34m2025-06-20 17:29:05[0m] (step=0002020) Train Loss: 0.0075, Train Steps/Sec: 3.38
[[34m2025-06-20 17:29:06[0m] Beginning epoch 45...
[[34m2025-06-20 17:29:08[0m] (step=0002030) Train Loss: 0.0058, Train Steps/Sec: 3.15
[[34m2025-06-20 17:29:11[0m] (step=0002040) Train Loss: 0.0065, Train Steps/Sec: 3.38
[[34m2025-06-20 17:29:14[0m] (step=0002050) Train Loss: 0.0074, Train Steps/Sec: 3.38
[[34m2025-06-20 17:29:17[0m] (step=0002060) Train Loss: 0.0060, Train Steps/Sec: 3.38
[[34m2025-06-20 17:29:20[0m] (step=0002070) Train Loss: 0.0042, Train Steps/Sec: 3.38
[[34m2025-06-20 17:29:20[0m] Beginning epoch 46...
[[34m2025-06-20 17:29:23[0m] (step=0002080) Train Loss: 0.0113, Train Steps/Sec: 3.16
[[34m2025-06-20 17:29:26[0m] (step=0002090) Train Loss: 0.0043, Train Steps/Sec: 3.38
[[34m2025-06-20 17:29:29[0m] (step=0002100) Train Loss: 0.0060, Train Steps/Sec: 3.38
[[34m2025-06-20 17:29:32[0m] (step=0002110) Train Loss: 0.0081, Train Steps/Sec: 3.37
[[34m2025-06-20 17:29:33[0m] Beginning epoch 47...
[[34m2025-06-20 17:29:35[0m] (step=0002120) Train Loss: 0.0040, Train Steps/Sec: 3.15
[[34m2025-06-20 17:29:38[0m] (step=0002130) Train Loss: 0.0036, Train Steps/Sec: 3.37
[[34m2025-06-20 17:29:41[0m] (step=0002140) Train Loss: 0.0039, Train Steps/Sec: 3.38
[[34m2025-06-20 17:29:44[0m] (step=0002150) Train Loss: 0.0035, Train Steps/Sec: 3.38
[[34m2025-06-20 17:29:47[0m] (step=0002160) Train Loss: 0.0037, Train Steps/Sec: 3.38
[[34m2025-06-20 17:29:47[0m] Beginning epoch 48...
[[34m2025-06-20 17:29:50[0m] (step=0002170) Train Loss: 0.0079, Train Steps/Sec: 3.17
[[34m2025-06-20 17:29:53[0m] (step=0002180) Train Loss: 0.0049, Train Steps/Sec: 3.38
[[34m2025-06-20 17:29:56[0m] (step=0002190) Train Loss: 0.0040, Train Steps/Sec: 3.38
[[34m2025-06-20 17:29:59[0m] (step=0002200) Train Loss: 0.0050, Train Steps/Sec: 3.38
[[34m2025-06-20 17:30:01[0m] Beginning epoch 49...
[[34m2025-06-20 17:30:02[0m] (step=0002210) Train Loss: 0.0110, Train Steps/Sec: 3.14
[[34m2025-06-20 17:30:05[0m] (step=0002220) Train Loss: 0.0038, Train Steps/Sec: 3.37
[[34m2025-06-20 17:30:08[0m] (step=0002230) Train Loss: 0.0045, Train Steps/Sec: 3.38
[[34m2025-06-20 17:30:11[0m] (step=0002240) Train Loss: 0.0129, Train Steps/Sec: 3.37
[[34m2025-06-20 17:30:14[0m] (step=0002250) Train Loss: 0.0092, Train Steps/Sec: 3.38
[[34m2025-06-20 17:30:14[0m] Beginning epoch 50...
[[34m2025-06-20 17:30:17[0m] (step=0002260) Train Loss: 0.0045, Train Steps/Sec: 3.12
[[34m2025-06-20 17:30:20[0m] (step=0002270) Train Loss: 0.0087, Train Steps/Sec: 3.37
[[34m2025-06-20 17:30:23[0m] (step=0002280) Train Loss: 0.0057, Train Steps/Sec: 3.37
[[34m2025-06-20 17:30:26[0m] (step=0002290) Train Loss: 0.0106, Train Steps/Sec: 3.38
[[34m2025-06-20 17:30:28[0m] Beginning epoch 51...
[[34m2025-06-20 17:30:29[0m] (step=0002300) Train Loss: 0.0036, Train Steps/Sec: 3.13
[[34m2025-06-20 17:30:32[0m] (step=0002310) Train Loss: 0.0050, Train Steps/Sec: 3.35
[[34m2025-06-20 17:30:35[0m] (step=0002320) Train Loss: 0.0042, Train Steps/Sec: 3.38
[[34m2025-06-20 17:30:38[0m] (step=0002330) Train Loss: 0.0037, Train Steps/Sec: 3.38
[[34m2025-06-20 17:30:41[0m] (step=0002340) Train Loss: 0.0076, Train Steps/Sec: 3.38
[[34m2025-06-20 17:30:41[0m] Beginning epoch 52...
[[34m2025-06-20 17:30:44[0m] (step=0002350) Train Loss: 0.0048, Train Steps/Sec: 3.13
[[34m2025-06-20 17:30:47[0m] (step=0002360) Train Loss: 0.0091, Train Steps/Sec: 3.37
[[34m2025-06-20 17:30:50[0m] (step=0002370) Train Loss: 0.0037, Train Steps/Sec: 3.37
[[34m2025-06-20 17:30:53[0m] (step=0002380) Train Loss: 0.0055, Train Steps/Sec: 3.38
[[34m2025-06-20 17:30:55[0m] Beginning epoch 53...
[[34m2025-06-20 17:30:56[0m] (step=0002390) Train Loss: 0.0038, Train Steps/Sec: 3.15
[[34m2025-06-20 17:30:59[0m] (step=0002400) Train Loss: 0.0124, Train Steps/Sec: 3.38
[[34m2025-06-20 17:31:02[0m] (step=0002410) Train Loss: 0.0043, Train Steps/Sec: 3.37
[[34m2025-06-20 17:31:05[0m] (step=0002420) Train Loss: 0.0041, Train Steps/Sec: 3.37
[[34m2025-06-20 17:31:08[0m] (step=0002430) Train Loss: 0.0115, Train Steps/Sec: 3.38
[[34m2025-06-20 17:31:08[0m] Beginning epoch 54...
[[34m2025-06-20 17:31:12[0m] (step=0002440) Train Loss: 0.0087, Train Steps/Sec: 3.15
[[34m2025-06-20 17:31:14[0m] (step=0002450) Train Loss: 0.0060, Train Steps/Sec: 3.37
[[34m2025-06-20 17:31:17[0m] (step=0002460) Train Loss: 0.0032, Train Steps/Sec: 3.38
[[34m2025-06-20 17:31:20[0m] (step=0002470) Train Loss: 0.0054, Train Steps/Sec: 3.38
[[34m2025-06-20 17:31:22[0m] Beginning epoch 55...
[[34m2025-06-20 17:31:24[0m] (step=0002480) Train Loss: 0.0035, Train Steps/Sec: 3.14
[[34m2025-06-20 17:31:27[0m] (step=0002490) Train Loss: 0.0102, Train Steps/Sec: 3.37
[[34m2025-06-20 17:31:30[0m] (step=0002500) Train Loss: 0.0045, Train Steps/Sec: 3.38
[[34m2025-06-20 17:32:15[0m] Saved checkpoint to results/010-DiT-XL-2/checkpoints/0002500.pt
[[34m2025-06-20 17:32:18[0m] (step=0002510) Train Loss: 0.0034, Train Steps/Sec: 0.21
[[34m2025-06-20 17:32:21[0m] (step=0002520) Train Loss: 0.0057, Train Steps/Sec: 3.39
[[34m2025-06-20 17:32:21[0m] Beginning epoch 56...
[[34m2025-06-20 17:32:24[0m] (step=0002530) Train Loss: 0.0113, Train Steps/Sec: 3.12
[[34m2025-06-20 17:32:27[0m] (step=0002540) Train Loss: 0.0041, Train Steps/Sec: 3.39
[[34m2025-06-20 17:32:30[0m] (step=0002550) Train Loss: 0.0068, Train Steps/Sec: 3.38
[[34m2025-06-20 17:32:33[0m] (step=0002560) Train Loss: 0.0079, Train Steps/Sec: 3.38
[[34m2025-06-20 17:32:34[0m] Beginning epoch 57...
[[34m2025-06-20 17:32:36[0m] (step=0002570) Train Loss: 0.0080, Train Steps/Sec: 3.15
[[34m2025-06-20 17:32:39[0m] (step=0002580) Train Loss: 0.0039, Train Steps/Sec: 3.39
[[34m2025-06-20 17:32:42[0m] (step=0002590) Train Loss: 0.0057, Train Steps/Sec: 3.39
[[34m2025-06-20 17:32:45[0m] (step=0002600) Train Loss: 0.0104, Train Steps/Sec: 3.38
[[34m2025-06-20 17:32:48[0m] (step=0002610) Train Loss: 0.0033, Train Steps/Sec: 3.38
[[34m2025-06-20 17:32:48[0m] Beginning epoch 58...
[[34m2025-06-20 17:32:51[0m] (step=0002620) Train Loss: 0.0038, Train Steps/Sec: 3.09
[[34m2025-06-20 17:32:54[0m] (step=0002630) Train Loss: 0.0036, Train Steps/Sec: 3.38
[[34m2025-06-20 17:32:57[0m] (step=0002640) Train Loss: 0.0085, Train Steps/Sec: 3.23
[[34m2025-06-20 17:33:00[0m] (step=0002650) Train Loss: 0.0067, Train Steps/Sec: 3.39
[[34m2025-06-20 17:33:02[0m] Beginning epoch 59...
[[34m2025-06-20 17:33:03[0m] (step=0002660) Train Loss: 0.0045, Train Steps/Sec: 3.15
[[34m2025-06-20 17:33:06[0m] (step=0002670) Train Loss: 0.0041, Train Steps/Sec: 3.38
[[34m2025-06-20 17:33:09[0m] (step=0002680) Train Loss: 0.0077, Train Steps/Sec: 3.38
[[34m2025-06-20 17:33:12[0m] (step=0002690) Train Loss: 0.0039, Train Steps/Sec: 3.38
[[34m2025-06-20 17:33:15[0m] (step=0002700) Train Loss: 0.0082, Train Steps/Sec: 3.39
[[34m2025-06-20 17:33:15[0m] Beginning epoch 60...
[[34m2025-06-20 17:33:18[0m] (step=0002710) Train Loss: 0.0034, Train Steps/Sec: 3.14
[[34m2025-06-20 17:33:21[0m] (step=0002720) Train Loss: 0.0038, Train Steps/Sec: 3.38
[[34m2025-06-20 17:33:24[0m] (step=0002730) Train Loss: 0.0070, Train Steps/Sec: 3.38
[[34m2025-06-20 17:33:27[0m] (step=0002740) Train Loss: 0.0065, Train Steps/Sec: 3.38
[[34m2025-06-20 17:33:29[0m] Beginning epoch 61...
[[34m2025-06-20 17:33:30[0m] (step=0002750) Train Loss: 0.0071, Train Steps/Sec: 3.17
[[34m2025-06-20 17:33:33[0m] (step=0002760) Train Loss: 0.0038, Train Steps/Sec: 3.38
[[34m2025-06-20 17:33:36[0m] (step=0002770) Train Loss: 0.0029, Train Steps/Sec: 3.38
[[34m2025-06-20 17:33:39[0m] (step=0002780) Train Loss: 0.0046, Train Steps/Sec: 3.38
[[34m2025-06-20 17:33:42[0m] (step=0002790) Train Loss: 0.0057, Train Steps/Sec: 3.38
[[34m2025-06-20 17:33:42[0m] Beginning epoch 62...
[[34m2025-06-20 17:33:45[0m] (step=0002800) Train Loss: 0.0033, Train Steps/Sec: 3.12
[[34m2025-06-20 17:33:48[0m] (step=0002810) Train Loss: 0.0050, Train Steps/Sec: 3.38
[[34m2025-06-20 17:33:51[0m] (step=0002820) Train Loss: 0.0102, Train Steps/Sec: 3.38
[[34m2025-06-20 17:33:54[0m] (step=0002830) Train Loss: 0.0043, Train Steps/Sec: 3.38
[[34m2025-06-20 17:33:56[0m] Beginning epoch 63...
[[34m2025-06-20 17:33:57[0m] (step=0002840) Train Loss: 0.0041, Train Steps/Sec: 3.13
[[34m2025-06-20 17:34:00[0m] (step=0002850) Train Loss: 0.0103, Train Steps/Sec: 3.38
[[34m2025-06-20 17:34:03[0m] (step=0002860) Train Loss: 0.0033, Train Steps/Sec: 3.38
[[34m2025-06-20 17:34:06[0m] (step=0002870) Train Loss: 0.0093, Train Steps/Sec: 3.38
[[34m2025-06-20 17:34:09[0m] (step=0002880) Train Loss: 0.0040, Train Steps/Sec: 3.37
[[34m2025-06-20 17:34:09[0m] Beginning epoch 64...
[[34m2025-06-20 17:34:12[0m] (step=0002890) Train Loss: 0.0075, Train Steps/Sec: 3.13
[[34m2025-06-20 17:34:15[0m] (step=0002900) Train Loss: 0.0037, Train Steps/Sec: 3.38
[[34m2025-06-20 17:34:18[0m] (step=0002910) Train Loss: 0.0116, Train Steps/Sec: 3.38
[[34m2025-06-20 17:34:21[0m] (step=0002920) Train Loss: 0.0032, Train Steps/Sec: 3.38
[[34m2025-06-20 17:34:23[0m] Beginning epoch 65...
[[34m2025-06-20 17:34:25[0m] (step=0002930) Train Loss: 0.0039, Train Steps/Sec: 3.14
[[34m2025-06-20 17:34:27[0m] (step=0002940) Train Loss: 0.0027, Train Steps/Sec: 3.38
[[34m2025-06-20 17:34:30[0m] (step=0002950) Train Loss: 0.0046, Train Steps/Sec: 3.38
[[34m2025-06-20 17:34:33[0m] (step=0002960) Train Loss: 0.0040, Train Steps/Sec: 3.38
[[34m2025-06-20 17:34:36[0m] (step=0002970) Train Loss: 0.0036, Train Steps/Sec: 3.38
[[34m2025-06-20 17:34:36[0m] Beginning epoch 66...
[[34m2025-06-20 17:34:40[0m] (step=0002980) Train Loss: 0.0029, Train Steps/Sec: 3.17
[[34m2025-06-20 17:34:42[0m] (step=0002990) Train Loss: 0.0078, Train Steps/Sec: 3.38
[[34m2025-06-20 17:34:45[0m] (step=0003000) Train Loss: 0.0033, Train Steps/Sec: 3.38
[[34m2025-06-20 17:35:31[0m] Saved checkpoint to results/010-DiT-XL-2/checkpoints/0003000.pt
[[34m2025-06-20 17:35:34[0m] (step=0003010) Train Loss: 0.0034, Train Steps/Sec: 0.21
[[34m2025-06-20 17:35:35[0m] Beginning epoch 67...
[[34m2025-06-20 17:35:37[0m] (step=0003020) Train Loss: 0.0036, Train Steps/Sec: 3.19
[[34m2025-06-20 17:35:40[0m] (step=0003030) Train Loss: 0.0068, Train Steps/Sec: 3.38
[[34m2025-06-20 17:35:43[0m] (step=0003040) Train Loss: 0.0075, Train Steps/Sec: 3.38
[[34m2025-06-20 17:35:46[0m] (step=0003050) Train Loss: 0.0121, Train Steps/Sec: 3.38
[[34m2025-06-20 17:35:49[0m] (step=0003060) Train Loss: 0.0040, Train Steps/Sec: 3.39
[[34m2025-06-20 17:35:49[0m] Beginning epoch 68...
[[34m2025-06-20 17:35:52[0m] (step=0003070) Train Loss: 0.0064, Train Steps/Sec: 3.14
[[34m2025-06-20 17:35:55[0m] (step=0003080) Train Loss: 0.0123, Train Steps/Sec: 3.38
[[34m2025-06-20 17:35:58[0m] (step=0003090) Train Loss: 0.0094, Train Steps/Sec: 3.38
[[34m2025-06-20 17:36:01[0m] (step=0003100) Train Loss: 0.0055, Train Steps/Sec: 3.38
[[34m2025-06-20 17:36:03[0m] Beginning epoch 69...
[[34m2025-06-20 17:36:04[0m] (step=0003110) Train Loss: 0.0154, Train Steps/Sec: 3.13
[[34m2025-06-20 17:36:07[0m] (step=0003120) Train Loss: 0.0077, Train Steps/Sec: 3.38
[[34m2025-06-20 17:36:10[0m] (step=0003130) Train Loss: 0.0031, Train Steps/Sec: 3.38
[[34m2025-06-20 17:36:13[0m] (step=0003140) Train Loss: 0.0047, Train Steps/Sec: 3.37
[[34m2025-06-20 17:36:16[0m] (step=0003150) Train Loss: 0.0077, Train Steps/Sec: 3.38
[[34m2025-06-20 17:36:16[0m] Beginning epoch 70...
[[34m2025-06-20 17:36:19[0m] (step=0003160) Train Loss: 0.0096, Train Steps/Sec: 3.14
[[34m2025-06-20 17:36:22[0m] (step=0003170) Train Loss: 0.0090, Train Steps/Sec: 3.37
[[34m2025-06-20 17:36:25[0m] (step=0003180) Train Loss: 0.0065, Train Steps/Sec: 3.37
[[34m2025-06-20 17:36:28[0m] (step=0003190) Train Loss: 0.0044, Train Steps/Sec: 3.38
[[34m2025-06-20 17:36:30[0m] Beginning epoch 71...
[[34m2025-06-20 17:36:31[0m] (step=0003200) Train Loss: 0.0072, Train Steps/Sec: 3.13
[[34m2025-06-20 17:36:34[0m] (step=0003210) Train Loss: 0.0051, Train Steps/Sec: 3.38
[[34m2025-06-20 17:36:37[0m] (step=0003220) Train Loss: 0.0046, Train Steps/Sec: 3.38
[[34m2025-06-20 17:36:40[0m] (step=0003230) Train Loss: 0.0046, Train Steps/Sec: 3.38
[[34m2025-06-20 17:36:43[0m] (step=0003240) Train Loss: 0.0065, Train Steps/Sec: 3.38
[[34m2025-06-20 17:36:43[0m] Beginning epoch 72...
[[34m2025-06-20 17:36:46[0m] (step=0003250) Train Loss: 0.0043, Train Steps/Sec: 3.16
[[34m2025-06-20 17:36:49[0m] (step=0003260) Train Loss: 0.0148, Train Steps/Sec: 3.37
[[34m2025-06-20 17:36:52[0m] (step=0003270) Train Loss: 0.0040, Train Steps/Sec: 3.38
[[34m2025-06-20 17:36:55[0m] (step=0003280) Train Loss: 0.0077, Train Steps/Sec: 3.38
[[34m2025-06-20 17:36:57[0m] Beginning epoch 73...
[[34m2025-06-20 17:36:58[0m] (step=0003290) Train Loss: 0.0043, Train Steps/Sec: 3.15
[[34m2025-06-20 17:37:01[0m] (step=0003300) Train Loss: 0.0065, Train Steps/Sec: 3.37
[[34m2025-06-20 17:37:04[0m] (step=0003310) Train Loss: 0.0036, Train Steps/Sec: 3.37
[[34m2025-06-20 17:37:07[0m] (step=0003320) Train Loss: 0.0046, Train Steps/Sec: 3.38
[[34m2025-06-20 17:37:10[0m] (step=0003330) Train Loss: 0.0039, Train Steps/Sec: 3.38
[[34m2025-06-20 17:37:10[0m] Beginning epoch 74...
[[34m2025-06-20 17:37:13[0m] (step=0003340) Train Loss: 0.0025, Train Steps/Sec: 3.14
[[34m2025-06-20 17:37:16[0m] (step=0003350) Train Loss: 0.0037, Train Steps/Sec: 3.37
[[34m2025-06-20 17:37:19[0m] (step=0003360) Train Loss: 0.0082, Train Steps/Sec: 3.37
[[34m2025-06-20 17:37:22[0m] (step=0003370) Train Loss: 0.0091, Train Steps/Sec: 3.38
[[34m2025-06-20 17:37:24[0m] Beginning epoch 75...
[[34m2025-06-20 17:37:26[0m] (step=0003380) Train Loss: 0.0032, Train Steps/Sec: 3.14
[[34m2025-06-20 17:37:29[0m] (step=0003390) Train Loss: 0.0030, Train Steps/Sec: 3.38
[[34m2025-06-20 17:37:31[0m] (step=0003400) Train Loss: 0.0133, Train Steps/Sec: 3.37
[[34m2025-06-20 17:37:34[0m] (step=0003410) Train Loss: 0.0026, Train Steps/Sec: 3.38
[[34m2025-06-20 17:37:37[0m] (step=0003420) Train Loss: 0.0043, Train Steps/Sec: 3.38
[[34m2025-06-20 17:37:37[0m] Beginning epoch 76...
[[34m2025-06-20 17:37:41[0m] (step=0003430) Train Loss: 0.0041, Train Steps/Sec: 3.13
[[34m2025-06-20 17:37:44[0m] (step=0003440) Train Loss: 0.0048, Train Steps/Sec: 3.37
[[34m2025-06-20 17:37:47[0m] (step=0003450) Train Loss: 0.0032, Train Steps/Sec: 3.37
[[34m2025-06-20 17:37:50[0m] (step=0003460) Train Loss: 0.0038, Train Steps/Sec: 3.38
[[34m2025-06-20 17:37:51[0m] Beginning epoch 77...
[[34m2025-06-20 17:37:53[0m] (step=0003470) Train Loss: 0.0027, Train Steps/Sec: 3.14
[[34m2025-06-20 17:37:56[0m] (step=0003480) Train Loss: 0.0126, Train Steps/Sec: 3.38
[[34m2025-06-20 17:37:59[0m] (step=0003490) Train Loss: 0.0055, Train Steps/Sec: 3.37
[[34m2025-06-20 17:38:02[0m] (step=0003500) Train Loss: 0.0085, Train Steps/Sec: 3.37
[[34m2025-06-20 17:38:47[0m] Saved checkpoint to results/010-DiT-XL-2/checkpoints/0003500.pt
[[34m2025-06-20 17:38:50[0m] (step=0003510) Train Loss: 0.0040, Train Steps/Sec: 0.21
[[34m2025-06-20 17:38:50[0m] Beginning epoch 78...
[[34m2025-06-20 17:38:53[0m] (step=0003520) Train Loss: 0.0049, Train Steps/Sec: 3.12
[[34m2025-06-20 17:38:56[0m] (step=0003530) Train Loss: 0.0113, Train Steps/Sec: 3.39
[[34m2025-06-20 17:38:59[0m] (step=0003540) Train Loss: 0.0093, Train Steps/Sec: 3.39
[[34m2025-06-20 17:39:02[0m] (step=0003550) Train Loss: 0.0049, Train Steps/Sec: 3.39
[[34m2025-06-20 17:39:03[0m] Beginning epoch 79...
[[34m2025-06-20 17:39:05[0m] (step=0003560) Train Loss: 0.0058, Train Steps/Sec: 3.15
[[34m2025-06-20 17:39:08[0m] (step=0003570) Train Loss: 0.0024, Train Steps/Sec: 3.38
[[34m2025-06-20 17:39:11[0m] (step=0003580) Train Loss: 0.0094, Train Steps/Sec: 3.39
[[34m2025-06-20 17:39:14[0m] (step=0003590) Train Loss: 0.0094, Train Steps/Sec: 3.38
[[34m2025-06-20 17:39:17[0m] (step=0003600) Train Loss: 0.0099, Train Steps/Sec: 3.38
[[34m2025-06-20 17:39:17[0m] Beginning epoch 80...
[[34m2025-06-20 17:39:20[0m] (step=0003610) Train Loss: 0.0047, Train Steps/Sec: 3.16
[[34m2025-06-20 17:39:23[0m] (step=0003620) Train Loss: 0.0047, Train Steps/Sec: 3.38
[[34m2025-06-20 17:39:26[0m] (step=0003630) Train Loss: 0.0090, Train Steps/Sec: 3.38
[[34m2025-06-20 17:39:29[0m] (step=0003640) Train Loss: 0.0071, Train Steps/Sec: 3.38
[[34m2025-06-20 17:39:31[0m] Beginning epoch 81...
[[34m2025-06-20 17:39:32[0m] (step=0003650) Train Loss: 0.0025, Train Steps/Sec: 3.13
[[34m2025-06-20 17:39:35[0m] (step=0003660) Train Loss: 0.0040, Train Steps/Sec: 3.38
[[34m2025-06-20 17:39:38[0m] (step=0003670) Train Loss: 0.0071, Train Steps/Sec: 3.38
[[34m2025-06-20 17:39:41[0m] (step=0003680) Train Loss: 0.0133, Train Steps/Sec: 3.38
[[34m2025-06-20 17:39:44[0m] (step=0003690) Train Loss: 0.0113, Train Steps/Sec: 3.38
[[34m2025-06-20 17:39:44[0m] Beginning epoch 82...
[[34m2025-06-20 17:39:47[0m] (step=0003700) Train Loss: 0.0053, Train Steps/Sec: 3.13
[[34m2025-06-20 17:39:50[0m] (step=0003710) Train Loss: 0.0052, Train Steps/Sec: 3.38
[[34m2025-06-20 17:39:53[0m] (step=0003720) Train Loss: 0.0105, Train Steps/Sec: 3.38
[[34m2025-06-20 17:39:56[0m] (step=0003730) Train Loss: 0.0097, Train Steps/Sec: 3.38
[[34m2025-06-20 17:39:58[0m] Beginning epoch 83...
[[34m2025-06-20 17:39:59[0m] (step=0003740) Train Loss: 0.0123, Train Steps/Sec: 3.15
[[34m2025-06-20 17:40:02[0m] (step=0003750) Train Loss: 0.0066, Train Steps/Sec: 3.38
[[34m2025-06-20 17:40:05[0m] (step=0003760) Train Loss: 0.0067, Train Steps/Sec: 3.38
[[34m2025-06-20 17:40:08[0m] (step=0003770) Train Loss: 0.0032, Train Steps/Sec: 3.38
[[34m2025-06-20 17:40:11[0m] (step=0003780) Train Loss: 0.0040, Train Steps/Sec: 3.38
[[34m2025-06-20 17:40:11[0m] Beginning epoch 84...
[[34m2025-06-20 17:40:14[0m] (step=0003790) Train Loss: 0.0038, Train Steps/Sec: 3.13
[[34m2025-06-20 17:40:17[0m] (step=0003800) Train Loss: 0.0033, Train Steps/Sec: 3.38
[[34m2025-06-20 17:40:20[0m] (step=0003810) Train Loss: 0.0032, Train Steps/Sec: 3.38
[[34m2025-06-20 17:40:23[0m] (step=0003820) Train Loss: 0.0045, Train Steps/Sec: 3.38
[[34m2025-06-20 17:40:25[0m] Beginning epoch 85...
[[34m2025-06-20 17:40:26[0m] (step=0003830) Train Loss: 0.0085, Train Steps/Sec: 3.10
[[34m2025-06-20 17:40:29[0m] (step=0003840) Train Loss: 0.0031, Train Steps/Sec: 3.34
[[34m2025-06-20 17:40:32[0m] (step=0003850) Train Loss: 0.0032, Train Steps/Sec: 3.38
[[34m2025-06-20 17:40:35[0m] (step=0003860) Train Loss: 0.0031, Train Steps/Sec: 3.38
[[34m2025-06-20 17:40:38[0m] (step=0003870) Train Loss: 0.0081, Train Steps/Sec: 3.38
[[34m2025-06-20 17:40:38[0m] Beginning epoch 86...
[[34m2025-06-20 17:40:42[0m] (step=0003880) Train Loss: 0.0038, Train Steps/Sec: 3.10
[[34m2025-06-20 17:40:45[0m] (step=0003890) Train Loss: 0.0032, Train Steps/Sec: 3.38
[[34m2025-06-20 17:40:47[0m] (step=0003900) Train Loss: 0.0046, Train Steps/Sec: 3.38
[[34m2025-06-20 17:40:50[0m] (step=0003910) Train Loss: 0.0057, Train Steps/Sec: 3.38
[[34m2025-06-20 17:40:52[0m] Beginning epoch 87...
[[34m2025-06-20 17:40:54[0m] (step=0003920) Train Loss: 0.0046, Train Steps/Sec: 3.12
[[34m2025-06-20 17:40:57[0m] (step=0003930) Train Loss: 0.0027, Train Steps/Sec: 3.37
[[34m2025-06-20 17:41:00[0m] (step=0003940) Train Loss: 0.0030, Train Steps/Sec: 3.38
[[34m2025-06-20 17:41:03[0m] (step=0003950) Train Loss: 0.0048, Train Steps/Sec: 3.38
[[34m2025-06-20 17:41:05[0m] (step=0003960) Train Loss: 0.0085, Train Steps/Sec: 3.38
[[34m2025-06-20 17:41:06[0m] Beginning epoch 88...
[[34m2025-06-20 17:41:09[0m] (step=0003970) Train Loss: 0.0048, Train Steps/Sec: 3.15
[[34m2025-06-20 17:41:12[0m] (step=0003980) Train Loss: 0.0034, Train Steps/Sec: 3.38
[[34m2025-06-20 17:41:15[0m] (step=0003990) Train Loss: 0.0051, Train Steps/Sec: 3.22
[[34m2025-06-20 17:41:18[0m] (step=0004000) Train Loss: 0.0080, Train Steps/Sec: 3.38
[[34m2025-06-20 17:42:03[0m] Saved checkpoint to results/010-DiT-XL-2/checkpoints/0004000.pt
[[34m2025-06-20 17:42:04[0m] Beginning epoch 89...
[[34m2025-06-20 17:42:06[0m] (step=0004010) Train Loss: 0.0094, Train Steps/Sec: 0.21
[[34m2025-06-20 17:42:09[0m] (step=0004020) Train Loss: 0.0072, Train Steps/Sec: 3.38
[[34m2025-06-20 17:42:12[0m] (step=0004030) Train Loss: 0.0049, Train Steps/Sec: 3.38
[[34m2025-06-20 17:42:15[0m] (step=0004040) Train Loss: 0.0064, Train Steps/Sec: 3.38
[[34m2025-06-20 17:42:18[0m] (step=0004050) Train Loss: 0.0099, Train Steps/Sec: 3.39
[[34m2025-06-20 17:42:18[0m] Beginning epoch 90...
[[34m2025-06-20 17:42:21[0m] (step=0004060) Train Loss: 0.0056, Train Steps/Sec: 3.16
[[34m2025-06-20 17:42:24[0m] (step=0004070) Train Loss: 0.0042, Train Steps/Sec: 3.38
[[34m2025-06-20 17:42:27[0m] (step=0004080) Train Loss: 0.0025, Train Steps/Sec: 3.38
[[34m2025-06-20 17:42:30[0m] (step=0004090) Train Loss: 0.0032, Train Steps/Sec: 3.38
[[34m2025-06-20 17:42:31[0m] Beginning epoch 91...
[[34m2025-06-20 17:42:33[0m] (step=0004100) Train Loss: 0.0041, Train Steps/Sec: 3.09
[[34m2025-06-20 17:42:36[0m] (step=0004110) Train Loss: 0.0061, Train Steps/Sec: 3.32
[[34m2025-06-20 17:42:39[0m] (step=0004120) Train Loss: 0.0070, Train Steps/Sec: 3.38
[[34m2025-06-20 17:42:42[0m] (step=0004130) Train Loss: 0.0049, Train Steps/Sec: 3.38
[[34m2025-06-20 17:42:45[0m] (step=0004140) Train Loss: 0.0041, Train Steps/Sec: 3.38
[[34m2025-06-20 17:42:45[0m] Beginning epoch 92...
[[34m2025-06-20 17:42:48[0m] (step=0004150) Train Loss: 0.0046, Train Steps/Sec: 3.13
[[34m2025-06-20 17:42:51[0m] (step=0004160) Train Loss: 0.0102, Train Steps/Sec: 3.38
[[34m2025-06-20 17:42:54[0m] (step=0004170) Train Loss: 0.0070, Train Steps/Sec: 3.37
[[34m2025-06-20 17:42:57[0m] (step=0004180) Train Loss: 0.0097, Train Steps/Sec: 3.38
[[34m2025-06-20 17:42:58[0m] Beginning epoch 93...
[[34m2025-06-20 17:43:00[0m] (step=0004190) Train Loss: 0.0035, Train Steps/Sec: 3.13
[[34m2025-06-20 17:43:03[0m] (step=0004200) Train Loss: 0.0074, Train Steps/Sec: 3.38
[[34m2025-06-20 17:43:06[0m] (step=0004210) Train Loss: 0.0036, Train Steps/Sec: 3.38
[[34m2025-06-20 17:43:09[0m] (step=0004220) Train Loss: 0.0098, Train Steps/Sec: 3.38
[[34m2025-06-20 17:43:12[0m] (step=0004230) Train Loss: 0.0042, Train Steps/Sec: 3.37
[[34m2025-06-20 17:43:12[0m] Beginning epoch 94...
[[34m2025-06-20 17:43:15[0m] (step=0004240) Train Loss: 0.0080, Train Steps/Sec: 3.14
[[34m2025-06-20 17:43:18[0m] (step=0004250) Train Loss: 0.0050, Train Steps/Sec: 3.37
[[34m2025-06-20 17:43:21[0m] (step=0004260) Train Loss: 0.0032, Train Steps/Sec: 3.37
[[34m2025-06-20 17:43:24[0m] (step=0004270) Train Loss: 0.0043, Train Steps/Sec: 3.37
[[34m2025-06-20 17:43:26[0m] Beginning epoch 95...
[[34m2025-06-20 17:43:27[0m] (step=0004280) Train Loss: 0.0089, Train Steps/Sec: 3.12
[[34m2025-06-20 17:43:30[0m] (step=0004290) Train Loss: 0.0056, Train Steps/Sec: 3.37
[[34m2025-06-20 17:43:33[0m] (step=0004300) Train Loss: 0.0039, Train Steps/Sec: 3.37
[[34m2025-06-20 17:43:36[0m] (step=0004310) Train Loss: 0.0019, Train Steps/Sec: 3.38
[[34m2025-06-20 17:43:39[0m] (step=0004320) Train Loss: 0.0034, Train Steps/Sec: 3.38
[[34m2025-06-20 17:43:39[0m] Beginning epoch 96...
[[34m2025-06-20 17:43:42[0m] (step=0004330) Train Loss: 0.0036, Train Steps/Sec: 3.12
[[34m2025-06-20 17:43:45[0m] (step=0004340) Train Loss: 0.0154, Train Steps/Sec: 3.37
[[34m2025-06-20 17:43:48[0m] (step=0004350) Train Loss: 0.0087, Train Steps/Sec: 3.38
[[34m2025-06-20 17:43:51[0m] (step=0004360) Train Loss: 0.0077, Train Steps/Sec: 3.38
[[34m2025-06-20 17:43:53[0m] Beginning epoch 97...
[[34m2025-06-20 17:43:54[0m] (step=0004370) Train Loss: 0.0076, Train Steps/Sec: 3.14
[[34m2025-06-20 17:43:57[0m] (step=0004380) Train Loss: 0.0084, Train Steps/Sec: 3.38
[[34m2025-06-20 17:44:00[0m] (step=0004390) Train Loss: 0.0057, Train Steps/Sec: 3.37
[[34m2025-06-20 17:44:03[0m] (step=0004400) Train Loss: 0.0088, Train Steps/Sec: 3.37
[[34m2025-06-20 17:44:06[0m] (step=0004410) Train Loss: 0.0090, Train Steps/Sec: 3.38
[[34m2025-06-20 17:44:06[0m] Beginning epoch 98...
[[34m2025-06-20 17:44:09[0m] (step=0004420) Train Loss: 0.0037, Train Steps/Sec: 3.13
[[34m2025-06-20 17:44:12[0m] (step=0004430) Train Loss: 0.0046, Train Steps/Sec: 3.38
[[34m2025-06-20 17:44:15[0m] (step=0004440) Train Loss: 0.0060, Train Steps/Sec: 3.38
[[34m2025-06-20 17:44:18[0m] (step=0004450) Train Loss: 0.0021, Train Steps/Sec: 3.37
[[34m2025-06-20 17:44:20[0m] Beginning epoch 99...
[[34m2025-06-20 17:44:22[0m] (step=0004460) Train Loss: 0.0080, Train Steps/Sec: 3.15
[[34m2025-06-20 17:44:25[0m] (step=0004470) Train Loss: 0.0047, Train Steps/Sec: 3.38
[[34m2025-06-20 17:44:27[0m] (step=0004480) Train Loss: 0.0022, Train Steps/Sec: 3.37
[[34m2025-06-20 17:44:30[0m] (step=0004490) Train Loss: 0.0063, Train Steps/Sec: 3.38
[[34m2025-06-20 17:44:33[0m] (step=0004500) Train Loss: 0.0075, Train Steps/Sec: 3.38
[[34m2025-06-20 17:45:19[0m] Saved checkpoint to results/010-DiT-XL-2/checkpoints/0004500.pt
[[34m2025-06-20 17:45:19[0m] Beginning epoch 100...
[[34m2025-06-20 17:45:22[0m] (step=0004510) Train Loss: 0.0031, Train Steps/Sec: 0.21
[[34m2025-06-20 17:45:25[0m] (step=0004520) Train Loss: 0.0072, Train Steps/Sec: 3.39
[[34m2025-06-20 17:45:28[0m] (step=0004530) Train Loss: 0.0044, Train Steps/Sec: 3.39
[[34m2025-06-20 17:45:31[0m] (step=0004540) Train Loss: 0.0061, Train Steps/Sec: 3.39
[[34m2025-06-20 17:45:32[0m] Beginning epoch 101...
[[34m2025-06-20 17:45:34[0m] (step=0004550) Train Loss: 0.0130, Train Steps/Sec: 3.15
[[34m2025-06-20 17:45:37[0m] (step=0004560) Train Loss: 0.0036, Train Steps/Sec: 3.38
[[34m2025-06-20 17:45:40[0m] (step=0004570) Train Loss: 0.0042, Train Steps/Sec: 3.38
[[34m2025-06-20 17:45:43[0m] (step=0004580) Train Loss: 0.0047, Train Steps/Sec: 3.38
[[34m2025-06-20 17:45:46[0m] (step=0004590) Train Loss: 0.0044, Train Steps/Sec: 3.38
[[34m2025-06-20 17:45:46[0m] Beginning epoch 102...
[[34m2025-06-20 17:45:49[0m] (step=0004600) Train Loss: 0.0045, Train Steps/Sec: 3.08
[[34m2025-06-20 17:45:52[0m] (step=0004610) Train Loss: 0.0046, Train Steps/Sec: 3.32
[[34m2025-06-20 17:45:55[0m] (step=0004620) Train Loss: 0.0022, Train Steps/Sec: 3.37
[[34m2025-06-20 17:45:58[0m] (step=0004630) Train Loss: 0.0040, Train Steps/Sec: 3.39
[2025-06-20T17:45:59.002] error: *** JOB 12794 ON hai001 CANCELLED AT 2025-06-20T17:45:59 DUE TO TIME LIMIT ***
