+ ml GCCcore/13.3.0 Python/3.12.3-GCCcore-13.3.0
++ /usr/share/lmod/lmod/libexec/ml_cmd GCCcore/13.3.0 Python/3.12.3-GCCcore-13.3.0
+ eval 'module  load '\''GCCcore/13.3.0'\'' '\''Python/3.12.3-GCCcore-13.3.0'\'''
++ module load GCCcore/13.3.0 Python/3.12.3-GCCcore-13.3.0
++ '[' -z '' ']'
++ case "$-" in
++ __lmod_sh_dbg=x
++ '[' -n x ']'
++ set +x
Shell debugging temporarily silenced: export LMOD_SH_DBG_ON=1 for Lmod's output
Shell debugging restarted
++ unset __lmod_sh_dbg
++ return 0
+ export OMP_NUM_THREADS=12
+ OMP_NUM_THREADS=12
+ export SRUN_CPUS_PER_TASK=12
+ SRUN_CPUS_PER_TASK=12
+ source /fast/home/nishant.kumar/venv_python_3.10/bin/activate
++ deactivate nondestructive
++ '[' -n '' ']'
++ '[' -n '' ']'
++ hash -r
++ '[' -n '' ']'
++ unset VIRTUAL_ENV
++ unset VIRTUAL_ENV_PROMPT
++ '[' '!' nondestructive = nondestructive ']'
++ '[' linux-gnu = cygwin ']'
++ '[' linux-gnu = msys ']'
++ export VIRTUAL_ENV=/fast/home/nishant.kumar/venv_python_3.10
++ VIRTUAL_ENV=/fast/home/nishant.kumar/venv_python_3.10
++ _OLD_VIRTUAL_PATH=/fast/service/apps/software/Python/3.12.3-GCCcore-13.3.0/bin:/fast/service/apps/software/OpenSSL/3/bin:/fast/service/apps/software/XZ/5.4.5-GCCcore-13.3.0/bin:/fast/service/apps/software/SQLite/3.45.3-GCCcore-13.3.0/bin:/fast/service/apps/software/Tcl/8.6.14-GCCcore-13.3.0/bin:/fast/service/apps/software/ncurses/6.5-GCCcore-13.3.0/bin:/fast/service/apps/software/bzip2/1.0.8-GCCcore-13.3.0/bin:/fast/service/apps/software/binutils/2.42-GCCcore-13.3.0/bin:/fast/service/apps/software/GCCcore/13.3.0/bin:/fast/home/nishant.kumar/venv_python_3.10/bin:/home/nishant.kumar/miniconda3/bin:/home/nishant.kumar/.local/bin:/home/nishant.kumar/bin:/usr/share/Modules/bin:/opt/miniforge3/condabin:/opt/miniforge3/bin:/usr/local/bin:/usr/bin:/usr/local/sbin:/usr/sbin:/opt/puppetlabs/bin
++ PATH=/fast/home/nishant.kumar/venv_python_3.10/bin:/fast/service/apps/software/Python/3.12.3-GCCcore-13.3.0/bin:/fast/service/apps/software/OpenSSL/3/bin:/fast/service/apps/software/XZ/5.4.5-GCCcore-13.3.0/bin:/fast/service/apps/software/SQLite/3.45.3-GCCcore-13.3.0/bin:/fast/service/apps/software/Tcl/8.6.14-GCCcore-13.3.0/bin:/fast/service/apps/software/ncurses/6.5-GCCcore-13.3.0/bin:/fast/service/apps/software/bzip2/1.0.8-GCCcore-13.3.0/bin:/fast/service/apps/software/binutils/2.42-GCCcore-13.3.0/bin:/fast/service/apps/software/GCCcore/13.3.0/bin:/fast/home/nishant.kumar/venv_python_3.10/bin:/home/nishant.kumar/miniconda3/bin:/home/nishant.kumar/.local/bin:/home/nishant.kumar/bin:/usr/share/Modules/bin:/opt/miniforge3/condabin:/opt/miniforge3/bin:/usr/local/bin:/usr/bin:/usr/local/sbin:/usr/sbin:/opt/puppetlabs/bin
++ export PATH
++ '[' -n '' ']'
++ '[' -z '' ']'
++ _OLD_VIRTUAL_PS1=
++ PS1='(venv_python_3.10) '
++ export PS1
++ VIRTUAL_ENV_PROMPT='(venv_python_3.10) '
++ export VIRTUAL_ENV_PROMPT
++ hash -r
+ export CUDA_VISIBLE_DEVICES=0,1,2,3
+ CUDA_VISIBLE_DEVICES=0,1,2,3
+ export MASTER_PORT=12341
+ MASTER_PORT=12341
++ scontrol show hostnames hai002
++ head -n 1
+ master_addr=hai002
+ export MASTER_ADDR=hai002
+ MASTER_ADDR=hai002
+ torchrun --master-addr=hai002 --master-port=12341 sample_ddp.py --ckpt /fast/project/HFMI_HClimRep/nishant.kumar/dit_hackathon/results/DiT-XL-2/ckpt_0008500.pt
/fast/project/HFMI_HClimRep/nishant.kumar/dit_hackathon/sample_ddp.py:118: FutureWarning: You are using `torch.load` with `weights_only=False` (the current default value), which uses the default pickle module implicitly. It is possible to construct malicious pickle data which will execute arbitrary code during unpickling (See https://github.com/pytorch/pytorch/blob/main/SECURITY.md#untrusted-models for more details). In a future release, the default value for `weights_only` will be flipped to `True`. This limits the functions that could be executed during unpickling. Arbitrary objects will no longer be allowed to be loaded via this mode unless they are explicitly allowlisted by the user via `torch.serialization.add_safe_globals`. We recommend you start setting `weights_only=True` for any use case where you don't have full control of the loaded file. Please open an issue on GitHub for any issues related to this experimental feature.
  ckpt = torch.load(args.ckpt, map_location="cpu")
Saved /fast/project/HFMI_HClimRep/nishant.kumar/dit_hackathon/samples/sample_rank0_batch0.npy
Saved /fast/project/HFMI_HClimRep/nishant.kumar/dit_hackathon/samples/sample_rank0_batch1.npy
Saved /fast/project/HFMI_HClimRep/nishant.kumar/dit_hackathon/samples/sample_rank0_batch2.npy
Saved /fast/project/HFMI_HClimRep/nishant.kumar/dit_hackathon/samples/sample_rank0_batch3.npy
Saved /fast/project/HFMI_HClimRep/nishant.kumar/dit_hackathon/samples/sample_rank0_batch4.npy
Saved /fast/project/HFMI_HClimRep/nishant.kumar/dit_hackathon/samples/sample_rank0_batch5.npy
Saved /fast/project/HFMI_HClimRep/nishant.kumar/dit_hackathon/samples/sample_rank0_batch6.npy
Saved /fast/project/HFMI_HClimRep/nishant.kumar/dit_hackathon/samples/sample_rank0_batch7.npy
Saved /fast/project/HFMI_HClimRep/nishant.kumar/dit_hackathon/samples/sample_rank0_batch8.npy
Saved /fast/project/HFMI_HClimRep/nishant.kumar/dit_hackathon/samples/sample_rank0_batch9.npy
