Lmod has detected the following error: The following module(s) are unknown:
"GCCcore/13.3.0"

Please check the spelling or version number. Also try "module spider ..."
It is also possible your cache file is out-of-date; it may help to try:
  $ module --ignore_cache load "GCCcore/13.3.0"

Also make sure that all modulefiles written in TCL start with the string
#%Module



[W828 16:40:16.059194457 socket.cpp:755] [c10d] The client socket cannot be initialized to connect to [jrc0351.jureca]:12340 (errno: 97 - Address family not supported by protocol).
[W828 16:40:16.059277958 socket.cpp:755] [c10d] The client socket cannot be initialized to connect to [jrc0351.jureca]:12340 (errno: 97 - Address family not supported by protocol).
[W828 16:40:16.059789882 socket.cpp:755] [c10d] The client socket cannot be initialized to connect to [jrc0351.jureca]:12340 (errno: 97 - Address family not supported by protocol).
[W828 16:40:16.062249862 socket.cpp:755] [c10d] The client socket cannot be initialized to connect to [jrc0351.jureca]:12340 (errno: 97 - Address family not supported by protocol).
[2025-08-28 16:40:20] Starting training...
/p/project1/training2533/lancelin1/WeGenDiffusion/.venv/lib/python3.12/site-packages/torch/distributed/distributed_c10d.py:4631: UserWarning: No device id is provided via `init_process_group` or `barrier `. Using the current device set by the user. 
  warnings.warn(  # warn only once
/p/project1/training2533/lancelin1/WeGenDiffusion/.venv/lib/python3.12/site-packages/torch/distributed/distributed_c10d.py:4631: UserWarning: No device id is provided via `init_process_group` or `barrier `. Using the current device set by the user. 
  warnings.warn(  # warn only once
/p/project1/training2533/lancelin1/WeGenDiffusion/.venv/lib/python3.12/site-packages/torch/distributed/distributed_c10d.py:4631: UserWarning: No device id is provided via `init_process_group` or `barrier `. Using the current device set by the user. 
  warnings.warn(  # warn only once
/p/project1/training2533/lancelin1/WeGenDiffusion/.venv/lib/python3.12/site-packages/torch/distributed/distributed_c10d.py:4631: UserWarning: No device id is provided via `init_process_group` or `barrier `. Using the current device set by the user. 
  warnings.warn(  # warn only once
[2025-08-28 16:40:22] Epoch 0 Step 10: Loss = 0.9605, Steps/sec = 4.14
[2025-08-28 16:40:24] Epoch 0 Step 20: Loss = 0.6417, Steps/sec = 5.90
[2025-08-28 16:40:26] Epoch 0 Step 30: Loss = 0.3527, Steps/sec = 5.90
[2025-08-28 16:40:27] Epoch 0 Step 40: Loss = 0.2516, Steps/sec = 5.89
[2025-08-28 16:40:29] Epoch 0 Step 50: Loss = 0.2274, Steps/sec = 5.89
[2025-08-28 16:40:31] Epoch 0 Step 60: Loss = 0.1770, Steps/sec = 5.89
[2025-08-28 16:40:32] Epoch 0 Step 70: Loss = 0.1438, Steps/sec = 5.89
[2025-08-28 16:40:34] Epoch 0 Step 80: Loss = 0.1451, Steps/sec = 5.88
[2025-08-28 16:40:36] Epoch 0 Step 90: Loss = 0.1078, Steps/sec = 5.89
[2025-08-28 16:40:37] Epoch 0 Step 100: Loss = 0.0695, Steps/sec = 5.88
[2025-08-28 16:40:39] Epoch 0 Step 110: Loss = 0.0604, Steps/sec = 5.88
[2025-08-28 16:40:41] Epoch 0 Step 120: Loss = 0.0853, Steps/sec = 5.88
[2025-08-28 16:40:43] Epoch 0 Step 130: Loss = 0.0968, Steps/sec = 5.88
[2025-08-28 16:40:44] Epoch 0 Step 140: Loss = 0.0442, Steps/sec = 5.88
[2025-08-28 16:40:46] Epoch 0 Step 150: Loss = 0.0608, Steps/sec = 5.88
[2025-08-28 16:40:48] Epoch 0 Step 160: Loss = 0.0757, Steps/sec = 5.88
[2025-08-28 16:40:49] Epoch 0 Step 170: Loss = 0.0720, Steps/sec = 5.88
[2025-08-28 16:40:51] Epoch 0 Step 180: Loss = 0.0547, Steps/sec = 5.88
[2025-08-28 16:40:53] Epoch 0 Step 190: Loss = 0.0605, Steps/sec = 5.88
[2025-08-28 16:40:54] Epoch 0 Step 200: Loss = 0.1338, Steps/sec = 5.88
[2025-08-28 16:40:56] Epoch 0 Step 210: Loss = 0.0988, Steps/sec = 5.88
[2025-08-28 16:40:58] Epoch 0 Step 220: Loss = 0.0619, Steps/sec = 5.87
[2025-08-28 16:41:00] Epoch 0 Step 230: Loss = 0.0375, Steps/sec = 5.88
[2025-08-28 16:41:01] Epoch 0 Step 240: Loss = 0.0389, Steps/sec = 5.88
[2025-08-28 16:41:03] Epoch 0 Step 250: Loss = 0.0478, Steps/sec = 5.88
[2025-08-28 16:41:05] Epoch 0 Step 260: Loss = 0.0452, Steps/sec = 5.88
[2025-08-28 16:41:06] Epoch 0 Step 270: Loss = 0.0579, Steps/sec = 5.88
[2025-08-28 16:41:08] Epoch 0 Step 280: Loss = 0.0689, Steps/sec = 5.88
[2025-08-28 16:41:10] Epoch 0 Step 290: Loss = 0.0372, Steps/sec = 5.89
[2025-08-28 16:41:12] Epoch 0 Step 300: Loss = 0.0416, Steps/sec = 5.87
[2025-08-28 16:41:13] Epoch 0 Step 310: Loss = 0.0921, Steps/sec = 5.88
[2025-08-28 16:41:15] Epoch 0 Step 320: Loss = 0.0797, Steps/sec = 5.88
[2025-08-28 16:41:17] Epoch 0 Step 330: Loss = 0.0724, Steps/sec = 5.86
[2025-08-28 16:41:18] Epoch 0 Step 340: Loss = 0.1029, Steps/sec = 5.86
[2025-08-28 16:41:20] Epoch 0 Step 350: Loss = 0.0348, Steps/sec = 5.86
[2025-08-28 16:41:22] Epoch 0 Step 360: Loss = 0.0722, Steps/sec = 5.87
[2025-08-28 16:41:48] Checkpoint saved to results/DiT-B-2/ckpt_0000000.pt
[2025-08-28 16:41:49] Epoch 1 Step 370: Loss = 0.1129, Steps/sec = 0.37
[2025-08-28 16:41:50] Epoch 1 Step 380: Loss = 0.0433, Steps/sec = 5.91
[2025-08-28 16:41:52] Epoch 1 Step 390: Loss = 0.0597, Steps/sec = 5.89
[2025-08-28 16:41:54] Epoch 1 Step 400: Loss = 0.0324, Steps/sec = 5.88
[2025-08-28 16:41:55] Epoch 1 Step 410: Loss = 0.0283, Steps/sec = 5.89
[2025-08-28 16:41:57] Epoch 1 Step 420: Loss = 0.0565, Steps/sec = 5.88
[2025-08-28 16:41:59] Epoch 1 Step 430: Loss = 0.0937, Steps/sec = 5.88
[2025-08-28 16:42:01] Epoch 1 Step 440: Loss = 0.0252, Steps/sec = 5.88
[2025-08-28 16:42:02] Epoch 1 Step 450: Loss = 0.0480, Steps/sec = 5.88
[2025-08-28 16:42:04] Epoch 1 Step 460: Loss = 0.0436, Steps/sec = 5.88
[2025-08-28 16:42:06] Epoch 1 Step 470: Loss = 0.0219, Steps/sec = 5.86
[2025-08-28 16:42:07] Epoch 1 Step 480: Loss = 0.0199, Steps/sec = 5.86
[2025-08-28 16:42:09] Epoch 1 Step 490: Loss = 0.0478, Steps/sec = 5.86
[2025-08-28 16:42:11] Epoch 1 Step 500: Loss = 0.0481, Steps/sec = 5.86
[2025-08-28 16:42:12] Epoch 1 Step 510: Loss = 0.0274, Steps/sec = 5.86
[2025-08-28 16:42:14] Epoch 1 Step 520: Loss = 0.0389, Steps/sec = 5.86
[2025-08-28 16:42:16] Epoch 1 Step 530: Loss = 0.0606, Steps/sec = 5.86
[2025-08-28 16:42:18] Epoch 1 Step 540: Loss = 0.0258, Steps/sec = 5.86
[2025-08-28 16:42:19] Epoch 1 Step 550: Loss = 0.0269, Steps/sec = 5.86
srun: Job step aborted: Waiting up to 6 seconds for job step to finish.
error: *** step 14026142.0 CANCELLED DUE TO TIME LIMIT ***
error: *** job 14026142 CANCELLED DUE TO TIME LIMIT ***
srun: error: jrc0351: tasks 0-3: Terminated
