Lmod has detected the following error: The following module(s) are unknown:
"GCCcore/13.3.0"

Please check the spelling or version number. Also try "module spider ..."
It is also possible your cache file is out-of-date; it may help to try:
  $ module --ignore_cache load "GCCcore/13.3.0"

Also make sure that all modulefiles written in TCL start with the string
#%Module



[W828 17:02:20.190368369 socket.cpp:755] [c10d] The client socket cannot be initialized to connect to [jrc0425.jureca]:12340 (errno: 97 - Address family not supported by protocol).
[W828 17:02:20.190553440 socket.cpp:755] [c10d] The client socket cannot be initialized to connect to [jrc0425.jureca]:12340 (errno: 97 - Address family not supported by protocol).
[W828 17:02:20.190602811 socket.cpp:755] [c10d] The client socket cannot be initialized to connect to [jrc0425.jureca]:12340 (errno: 97 - Address family not supported by protocol).
[W828 17:02:20.193533406 socket.cpp:755] [c10d] The client socket cannot be initialized to connect to [jrc0425.jureca]:12340 (errno: 97 - Address family not supported by protocol).
[2025-08-28 17:02:24] Starting training...
/p/project1/training2533/lancelin1/WeGenDiffusion/.venv/lib/python3.12/site-packages/torch/distributed/distributed_c10d.py:4631: UserWarning: No device id is provided via `init_process_group` or `barrier `. Using the current device set by the user. 
  warnings.warn(  # warn only once
/p/project1/training2533/lancelin1/WeGenDiffusion/.venv/lib/python3.12/site-packages/torch/distributed/distributed_c10d.py:4631: UserWarning: No device id is provided via `init_process_group` or `barrier `. Using the current device set by the user. 
  warnings.warn(  # warn only once
/p/project1/training2533/lancelin1/WeGenDiffusion/.venv/lib/python3.12/site-packages/torch/distributed/distributed_c10d.py:4631: UserWarning: No device id is provided via `init_process_group` or `barrier `. Using the current device set by the user. 
  warnings.warn(  # warn only once
/p/project1/training2533/lancelin1/WeGenDiffusion/.venv/lib/python3.12/site-packages/torch/distributed/distributed_c10d.py:4631: UserWarning: No device id is provided via `init_process_group` or `barrier `. Using the current device set by the user. 
  warnings.warn(  # warn only once
[2025-08-28 17:02:29] Epoch 0 Step 10: Loss = 0.9620, Steps/sec = 2.34
[2025-08-28 17:02:30] Epoch 0 Step 20: Loss = 0.6742, Steps/sec = 5.89
[2025-08-28 17:02:32] Epoch 0 Step 30: Loss = 0.2997, Steps/sec = 5.87
[2025-08-28 17:02:34] Epoch 0 Step 40: Loss = 0.2742, Steps/sec = 5.86
[2025-08-28 17:02:35] Epoch 0 Step 50: Loss = 0.2160, Steps/sec = 5.83
[2025-08-28 17:02:37] Epoch 0 Step 60: Loss = 0.1670, Steps/sec = 5.83
[2025-08-28 17:02:39] Epoch 0 Step 70: Loss = 0.1124, Steps/sec = 5.77
[2025-08-28 17:02:41] Epoch 0 Step 80: Loss = 0.1290, Steps/sec = 5.82
[2025-08-28 17:02:42] Epoch 0 Step 90: Loss = 0.1281, Steps/sec = 5.80
[2025-08-28 17:02:44] Epoch 0 Step 100: Loss = 0.0918, Steps/sec = 5.81
[2025-08-28 17:02:46] Epoch 0 Step 110: Loss = 0.0593, Steps/sec = 5.82
[2025-08-28 17:02:47] Epoch 0 Step 120: Loss = 0.0978, Steps/sec = 5.79
[2025-08-28 17:02:49] Epoch 0 Step 130: Loss = 0.0686, Steps/sec = 5.80
[2025-08-28 17:02:51] Epoch 0 Step 140: Loss = 0.0928, Steps/sec = 5.78
[2025-08-28 17:02:53] Epoch 0 Step 150: Loss = 0.0455, Steps/sec = 5.82
[2025-08-28 17:02:54] Epoch 0 Step 160: Loss = 0.0808, Steps/sec = 5.74
[2025-08-28 17:02:56] Epoch 0 Step 170: Loss = 0.0588, Steps/sec = 5.80
[2025-08-28 17:02:58] Epoch 0 Step 180: Loss = 0.0526, Steps/sec = 5.80
[2025-08-28 17:03:00] Epoch 0 Step 190: Loss = 0.0829, Steps/sec = 5.80
[2025-08-28 17:03:01] Epoch 0 Step 200: Loss = 0.0713, Steps/sec = 5.79
[2025-08-28 17:03:03] Epoch 0 Step 210: Loss = 0.0516, Steps/sec = 5.78
[2025-08-28 17:03:05] Epoch 0 Step 220: Loss = 0.0511, Steps/sec = 5.80
[2025-08-28 17:03:06] Epoch 0 Step 230: Loss = 0.0440, Steps/sec = 5.80
[2025-08-28 17:03:08] Epoch 0 Step 240: Loss = 0.0672, Steps/sec = 5.80
[2025-08-28 17:03:10] Epoch 0 Step 250: Loss = 0.0720, Steps/sec = 5.78
[2025-08-28 17:03:12] Epoch 0 Step 260: Loss = 0.0452, Steps/sec = 5.79
[2025-08-28 17:03:13] Epoch 0 Step 270: Loss = 0.0474, Steps/sec = 5.76
[2025-08-28 17:03:15] Epoch 0 Step 280: Loss = 0.0341, Steps/sec = 5.77
[2025-08-28 17:03:17] Epoch 0 Step 290: Loss = 0.0675, Steps/sec = 5.78
[2025-08-28 17:03:19] Epoch 0 Step 300: Loss = 0.0666, Steps/sec = 5.79
[2025-08-28 17:03:20] Epoch 0 Step 310: Loss = 0.0651, Steps/sec = 5.77
[2025-08-28 17:03:22] Epoch 0 Step 320: Loss = 0.0700, Steps/sec = 5.63
[2025-08-28 17:03:24] Epoch 0 Step 330: Loss = 0.0590, Steps/sec = 5.78
[2025-08-28 17:03:26] Epoch 0 Step 340: Loss = 0.0440, Steps/sec = 5.78
[2025-08-28 17:03:27] Epoch 0 Step 350: Loss = 0.1439, Steps/sec = 5.69
[2025-08-28 17:03:29] Epoch 0 Step 360: Loss = 0.0393, Steps/sec = 5.76
[2025-08-28 17:03:44] Checkpoint saved to results/DiT-B-2_previous_state/ckpt_0000000.pt
[2025-08-28 17:03:45] Epoch 1 Step 370: Loss = 0.0500, Steps/sec = 0.64
[2025-08-28 17:03:46] Epoch 1 Step 380: Loss = 0.0189, Steps/sec = 5.84
[2025-08-28 17:03:48] Epoch 1 Step 390: Loss = 0.0466, Steps/sec = 5.80
[2025-08-28 17:03:50] Epoch 1 Step 400: Loss = 0.0332, Steps/sec = 5.80
[2025-08-28 17:03:51] Epoch 1 Step 410: Loss = 0.0488, Steps/sec = 5.74
[2025-08-28 17:03:53] Epoch 1 Step 420: Loss = 0.0336, Steps/sec = 5.74
[2025-08-28 17:03:55] Epoch 1 Step 430: Loss = 0.0378, Steps/sec = 5.76
[2025-08-28 17:03:57] Epoch 1 Step 440: Loss = 0.0228, Steps/sec = 5.77
[2025-08-28 17:03:58] Epoch 1 Step 450: Loss = 0.0546, Steps/sec = 5.77
[2025-08-28 17:04:00] Epoch 1 Step 460: Loss = 0.0547, Steps/sec = 5.75
[2025-08-28 17:04:02] Epoch 1 Step 470: Loss = 0.0498, Steps/sec = 5.76
[2025-08-28 17:04:04] Epoch 1 Step 480: Loss = 0.0576, Steps/sec = 5.78
[2025-08-28 17:04:05] Epoch 1 Step 490: Loss = 0.0235, Steps/sec = 5.77
[2025-08-28 17:04:07] Epoch 1 Step 500: Loss = 0.1033, Steps/sec = 5.75
[2025-08-28 17:04:09] Epoch 1 Step 510: Loss = 0.0524, Steps/sec = 5.77
[2025-08-28 17:04:11] Epoch 1 Step 520: Loss = 0.0381, Steps/sec = 5.75
[2025-08-28 17:04:12] Epoch 1 Step 530: Loss = 0.0432, Steps/sec = 5.66
[2025-08-28 17:04:14] Epoch 1 Step 540: Loss = 0.0771, Steps/sec = 5.62
[2025-08-28 17:04:16] Epoch 1 Step 550: Loss = 0.0499, Steps/sec = 5.75
[2025-08-28 17:04:18] Epoch 1 Step 560: Loss = 0.0702, Steps/sec = 5.77
[2025-08-28 17:04:19] Epoch 1 Step 570: Loss = 0.0310, Steps/sec = 5.76
[2025-08-28 17:04:21] Epoch 1 Step 580: Loss = 0.0422, Steps/sec = 5.76
[2025-08-28 17:04:23] Epoch 1 Step 590: Loss = 0.0211, Steps/sec = 5.75
[2025-08-28 17:04:25] Epoch 1 Step 600: Loss = 0.0273, Steps/sec = 5.77
[2025-08-28 17:04:26] Epoch 1 Step 610: Loss = 0.0382, Steps/sec = 5.74
[2025-08-28 17:04:28] Epoch 1 Step 620: Loss = 0.0181, Steps/sec = 5.73
[2025-08-28 17:04:30] Epoch 1 Step 630: Loss = 0.0431, Steps/sec = 5.76
[2025-08-28 17:04:31] Epoch 1 Step 640: Loss = 0.0297, Steps/sec = 5.70
[2025-08-28 17:04:33] Epoch 1 Step 650: Loss = 0.0289, Steps/sec = 5.72
[2025-08-28 17:04:35] Epoch 1 Step 660: Loss = 0.0232, Steps/sec = 5.76
[2025-08-28 17:04:37] Epoch 1 Step 670: Loss = 0.0070, Steps/sec = 5.75
[2025-08-28 17:04:38] Epoch 1 Step 680: Loss = 0.0517, Steps/sec = 5.72
[2025-08-28 17:04:40] Epoch 1 Step 690: Loss = 0.0255, Steps/sec = 5.67
[2025-08-28 17:04:42] Epoch 1 Step 700: Loss = 0.0236, Steps/sec = 5.72
[2025-08-28 17:04:44] Epoch 1 Step 710: Loss = 0.0212, Steps/sec = 5.71
[2025-08-28 17:04:45] Epoch 1 Step 720: Loss = 0.0399, Steps/sec = 5.75
[2025-08-28 17:04:47] Epoch 1 Step 730: Loss = 0.0417, Steps/sec = 5.67
[2025-08-28 17:04:49] Epoch 2 Step 740: Loss = 0.0260, Steps/sec = 5.16
[2025-08-28 17:04:51] Epoch 2 Step 750: Loss = 0.0275, Steps/sec = 5.76
[2025-08-28 17:04:53] Epoch 2 Step 760: Loss = 0.0294, Steps/sec = 5.74
[2025-08-28 17:04:54] Epoch 2 Step 770: Loss = 0.0235, Steps/sec = 5.77
[2025-08-28 17:04:56] Epoch 2 Step 780: Loss = 0.0403, Steps/sec = 5.64
[2025-08-28 17:04:58] Epoch 2 Step 790: Loss = 0.0494, Steps/sec = 5.63
[2025-08-28 17:05:00] Epoch 2 Step 800: Loss = 0.0178, Steps/sec = 5.68
[2025-08-28 17:05:01] Epoch 2 Step 810: Loss = 0.0245, Steps/sec = 5.71
[2025-08-28 17:05:03] Epoch 2 Step 820: Loss = 0.0114, Steps/sec = 5.67
[2025-08-28 17:05:05] Epoch 2 Step 830: Loss = 0.0181, Steps/sec = 5.70
[2025-08-28 17:05:07] Epoch 2 Step 840: Loss = 0.0333, Steps/sec = 5.70
[2025-08-28 17:05:08] Epoch 2 Step 850: Loss = 0.0464, Steps/sec = 5.74
[2025-08-28 17:05:10] Epoch 2 Step 860: Loss = 0.0230, Steps/sec = 5.76
[2025-08-28 17:05:12] Epoch 2 Step 870: Loss = 0.0189, Steps/sec = 5.73
[2025-08-28 17:05:14] Epoch 2 Step 880: Loss = 0.0084, Steps/sec = 5.76
[2025-08-28 17:05:15] Epoch 2 Step 890: Loss = 0.0291, Steps/sec = 5.73
[2025-08-28 17:05:17] Epoch 2 Step 900: Loss = 0.0275, Steps/sec = 5.73
[2025-08-28 17:05:19] Epoch 2 Step 910: Loss = 0.0335, Steps/sec = 5.71
[2025-08-28 17:05:21] Epoch 2 Step 920: Loss = 0.0184, Steps/sec = 5.63
[2025-08-28 17:05:22] Epoch 2 Step 930: Loss = 0.0345, Steps/sec = 5.76
[2025-08-28 17:05:24] Epoch 2 Step 940: Loss = 0.0242, Steps/sec = 5.72
[2025-08-28 17:05:26] Epoch 2 Step 950: Loss = 0.0475, Steps/sec = 5.72
[2025-08-28 17:05:28] Epoch 2 Step 960: Loss = 0.0350, Steps/sec = 5.75
[2025-08-28 17:05:29] Epoch 2 Step 970: Loss = 0.0427, Steps/sec = 5.74
[2025-08-28 17:05:31] Epoch 2 Step 980: Loss = 0.0541, Steps/sec = 5.74
[2025-08-28 17:05:33] Epoch 2 Step 990: Loss = 0.0768, Steps/sec = 5.72
[2025-08-28 17:05:35] Epoch 2 Step 1000: Loss = 0.0510, Steps/sec = 5.74
[2025-08-28 17:05:36] Epoch 2 Step 1010: Loss = 0.0448, Steps/sec = 5.75
[2025-08-28 17:05:38] Epoch 2 Step 1020: Loss = 0.0558, Steps/sec = 5.73
[2025-08-28 17:05:40] Epoch 2 Step 1030: Loss = 0.0334, Steps/sec = 5.73
[2025-08-28 17:05:42] Epoch 2 Step 1040: Loss = 0.0165, Steps/sec = 5.73
[2025-08-28 17:05:43] Epoch 2 Step 1050: Loss = 0.0619, Steps/sec = 5.76
[2025-08-28 17:05:45] Epoch 2 Step 1060: Loss = 0.0259, Steps/sec = 5.73
[2025-08-28 17:05:47] Epoch 2 Step 1070: Loss = 0.0321, Steps/sec = 5.73
[2025-08-28 17:05:49] Epoch 2 Step 1080: Loss = 0.0606, Steps/sec = 5.73
[2025-08-28 17:05:50] Epoch 2 Step 1090: Loss = 0.0299, Steps/sec = 5.73
[2025-08-28 17:05:52] Epoch 3 Step 1100: Loss = 0.0349, Steps/sec = 5.12
[2025-08-28 17:05:54] Epoch 3 Step 1110: Loss = 0.0172, Steps/sec = 5.74
[2025-08-28 17:05:56] Epoch 3 Step 1120: Loss = 0.0308, Steps/sec = 5.73
[2025-08-28 17:05:58] Epoch 3 Step 1130: Loss = 0.0242, Steps/sec = 5.74
[2025-08-28 17:05:59] Epoch 3 Step 1140: Loss = 0.1539, Steps/sec = 5.67
[2025-08-28 17:06:01] Epoch 3 Step 1150: Loss = 0.0574, Steps/sec = 5.66
[2025-08-28 17:06:03] Epoch 3 Step 1160: Loss = 0.0162, Steps/sec = 5.74
[2025-08-28 17:06:05] Epoch 3 Step 1170: Loss = 0.0363, Steps/sec = 5.67
[2025-08-28 17:06:06] Epoch 3 Step 1180: Loss = 0.0195, Steps/sec = 5.68
[2025-08-28 17:06:08] Epoch 3 Step 1190: Loss = 0.0517, Steps/sec = 5.70
[2025-08-28 17:06:10] Epoch 3 Step 1200: Loss = 0.0260, Steps/sec = 5.74
[2025-08-28 17:06:12] Epoch 3 Step 1210: Loss = 0.0221, Steps/sec = 5.71
[2025-08-28 17:06:13] Epoch 3 Step 1220: Loss = 0.0193, Steps/sec = 5.73
[2025-08-28 17:06:15] Epoch 3 Step 1230: Loss = 0.0273, Steps/sec = 5.71
[2025-08-28 17:06:17] Epoch 3 Step 1240: Loss = 0.0327, Steps/sec = 5.73
[2025-08-28 17:06:19] Epoch 3 Step 1250: Loss = 0.0408, Steps/sec = 5.73
[2025-08-28 17:06:20] Epoch 3 Step 1260: Loss = 0.0262, Steps/sec = 5.73
[2025-08-28 17:06:22] Epoch 3 Step 1270: Loss = 0.0464, Steps/sec = 5.69
[2025-08-28 17:06:24] Epoch 3 Step 1280: Loss = 0.0321, Steps/sec = 5.69
[2025-08-28 17:06:26] Epoch 3 Step 1290: Loss = 0.0162, Steps/sec = 5.76
[2025-08-28 17:06:27] Epoch 3 Step 1300: Loss = 0.0299, Steps/sec = 5.73
[2025-08-28 17:06:29] Epoch 3 Step 1310: Loss = 0.0586, Steps/sec = 5.71
[2025-08-28 17:06:31] Epoch 3 Step 1320: Loss = 0.0233, Steps/sec = 5.73
[2025-08-28 17:06:33] Epoch 3 Step 1330: Loss = 0.0264, Steps/sec = 5.73
[2025-08-28 17:06:34] Epoch 3 Step 1340: Loss = 0.0330, Steps/sec = 5.73
[2025-08-28 17:06:36] Epoch 3 Step 1350: Loss = 0.0183, Steps/sec = 5.75
[2025-08-28 17:06:38] Epoch 3 Step 1360: Loss = 0.0306, Steps/sec = 5.73
[2025-08-28 17:06:39] Epoch 3 Step 1370: Loss = 0.0512, Steps/sec = 5.74
[2025-08-28 17:06:41] Epoch 3 Step 1380: Loss = 0.0235, Steps/sec = 5.73
[2025-08-28 17:06:43] Epoch 3 Step 1390: Loss = 0.0343, Steps/sec = 5.72
[2025-08-28 17:06:45] Epoch 3 Step 1400: Loss = 0.0210, Steps/sec = 5.77
[2025-08-28 17:06:46] Epoch 3 Step 1410: Loss = 0.0188, Steps/sec = 5.72
[2025-08-28 17:06:48] Epoch 3 Step 1420: Loss = 0.0550, Steps/sec = 5.65
[2025-08-28 17:06:50] Epoch 3 Step 1430: Loss = 0.0304, Steps/sec = 5.74
[2025-08-28 17:06:52] Epoch 3 Step 1440: Loss = 0.0298, Steps/sec = 5.75
[2025-08-28 17:06:53] Epoch 3 Step 1450: Loss = 0.0254, Steps/sec = 5.72
[2025-08-28 17:06:55] Epoch 3 Step 1460: Loss = 0.0306, Steps/sec = 5.73
[2025-08-28 17:06:57] Epoch 4 Step 1470: Loss = 0.0366, Steps/sec = 5.11
[2025-08-28 17:06:59] Epoch 4 Step 1480: Loss = 0.0142, Steps/sec = 5.76
[2025-08-28 17:07:01] Epoch 4 Step 1490: Loss = 0.0212, Steps/sec = 5.75
[2025-08-28 17:07:02] Epoch 4 Step 1500: Loss = 0.0141, Steps/sec = 5.75
[2025-08-28 17:07:04] Epoch 4 Step 1510: Loss = 0.0537, Steps/sec = 5.69
[2025-08-28 17:07:06] Epoch 4 Step 1520: Loss = 0.0969, Steps/sec = 5.70
[2025-08-28 17:07:08] Epoch 4 Step 1530: Loss = 0.0195, Steps/sec = 5.71
[2025-08-28 17:07:09] Epoch 4 Step 1540: Loss = 0.0167, Steps/sec = 5.71
[2025-08-28 17:07:11] Epoch 4 Step 1550: Loss = 0.0291, Steps/sec = 5.73
[2025-08-28 17:07:13] Epoch 4 Step 1560: Loss = 0.0311, Steps/sec = 5.73
[2025-08-28 17:07:15] Epoch 4 Step 1570: Loss = 0.0426, Steps/sec = 5.74
[2025-08-28 17:07:16] Epoch 4 Step 1580: Loss = 0.0193, Steps/sec = 5.73
[2025-08-28 17:07:18] Epoch 4 Step 1590: Loss = 0.0396, Steps/sec = 5.71
[2025-08-28 17:07:20] Epoch 4 Step 1600: Loss = 0.0528, Steps/sec = 5.71
[2025-08-28 17:07:22] Epoch 4 Step 1610: Loss = 0.0186, Steps/sec = 5.68
[2025-08-28 17:07:23] Epoch 4 Step 1620: Loss = 0.0296, Steps/sec = 5.73
[2025-08-28 17:07:25] Epoch 4 Step 1630: Loss = 0.0246, Steps/sec = 5.76
[2025-08-28 17:07:27] Epoch 4 Step 1640: Loss = 0.0368, Steps/sec = 5.70
[2025-08-28 17:07:29] Epoch 4 Step 1650: Loss = 0.0545, Steps/sec = 5.73
[2025-08-28 17:07:30] Epoch 4 Step 1660: Loss = 0.0251, Steps/sec = 5.73
[2025-08-28 17:07:32] Epoch 4 Step 1670: Loss = 0.0453, Steps/sec = 5.72
[2025-08-28 17:07:34] Epoch 4 Step 1680: Loss = 0.0320, Steps/sec = 5.67
[2025-08-28 17:07:36] Epoch 4 Step 1690: Loss = 0.0122, Steps/sec = 5.67
[2025-08-28 17:07:37] Epoch 4 Step 1700: Loss = 0.0225, Steps/sec = 5.72
[2025-08-28 17:07:39] Epoch 4 Step 1710: Loss = 0.0231, Steps/sec = 5.65
[2025-08-28 17:07:41] Epoch 4 Step 1720: Loss = 0.0674, Steps/sec = 5.74
[2025-08-28 17:07:43] Epoch 4 Step 1730: Loss = 0.0238, Steps/sec = 5.72
[2025-08-28 17:07:44] Epoch 4 Step 1740: Loss = 0.0485, Steps/sec = 5.73
[2025-08-28 17:07:46] Epoch 4 Step 1750: Loss = 0.0382, Steps/sec = 5.74
[2025-08-28 17:07:48] Epoch 4 Step 1760: Loss = 0.0193, Steps/sec = 5.73
[2025-08-28 17:07:50] Epoch 4 Step 1770: Loss = 0.0283, Steps/sec = 5.73
[2025-08-28 17:07:51] Epoch 4 Step 1780: Loss = 0.0197, Steps/sec = 5.69
[2025-08-28 17:07:53] Epoch 4 Step 1790: Loss = 0.0244, Steps/sec = 5.59
[2025-08-28 17:07:55] Epoch 4 Step 1800: Loss = 0.0354, Steps/sec = 5.74
[2025-08-28 17:07:57] Epoch 4 Step 1810: Loss = 0.0192, Steps/sec = 5.71
[2025-08-28 17:07:58] Epoch 4 Step 1820: Loss = 0.0573, Steps/sec = 5.74
[2025-08-28 17:08:00] Epoch 5 Step 1830: Loss = 0.0352, Steps/sec = 5.15
[2025-08-28 17:08:02] Epoch 5 Step 1840: Loss = 0.0232, Steps/sec = 5.74
[2025-08-28 17:08:04] Epoch 5 Step 1850: Loss = 0.0178, Steps/sec = 5.73
[2025-08-28 17:08:06] Epoch 5 Step 1860: Loss = 0.0403, Steps/sec = 5.63
[2025-08-28 17:08:07] Epoch 5 Step 1870: Loss = 0.0539, Steps/sec = 5.70
[2025-08-28 17:08:09] Epoch 5 Step 1880: Loss = 0.0227, Steps/sec = 5.74
[2025-08-28 17:08:11] Epoch 5 Step 1890: Loss = 0.0212, Steps/sec = 5.76
[2025-08-28 17:08:13] Epoch 5 Step 1900: Loss = 0.0322, Steps/sec = 5.72
[2025-08-28 17:08:14] Epoch 5 Step 1910: Loss = 0.0373, Steps/sec = 5.71
[2025-08-28 17:08:16] Epoch 5 Step 1920: Loss = 0.0520, Steps/sec = 5.72
[2025-08-28 17:08:18] Epoch 5 Step 1930: Loss = 0.0337, Steps/sec = 5.73
[2025-08-28 17:08:20] Epoch 5 Step 1940: Loss = 0.0294, Steps/sec = 5.74
[2025-08-28 17:08:21] Epoch 5 Step 1950: Loss = 0.0310, Steps/sec = 5.73
[2025-08-28 17:08:23] Epoch 5 Step 1960: Loss = 0.0968, Steps/sec = 5.74
[2025-08-28 17:08:25] Epoch 5 Step 1970: Loss = 0.0844, Steps/sec = 5.71
[2025-08-28 17:08:27] Epoch 5 Step 1980: Loss = 0.0260, Steps/sec = 5.69
[2025-08-28 17:08:28] Epoch 5 Step 1990: Loss = 0.0226, Steps/sec = 5.68
[2025-08-28 17:08:30] Epoch 5 Step 2000: Loss = 0.0148, Steps/sec = 5.69
[2025-08-28 17:08:32] Epoch 5 Step 2010: Loss = 0.0335, Steps/sec = 5.75
[2025-08-28 17:08:34] Epoch 5 Step 2020: Loss = 0.0596, Steps/sec = 5.74
[2025-08-28 17:08:35] Epoch 5 Step 2030: Loss = 0.0406, Steps/sec = 5.74
[2025-08-28 17:08:37] Epoch 5 Step 2040: Loss = 0.0256, Steps/sec = 5.72
[2025-08-28 17:08:39] Epoch 5 Step 2050: Loss = 0.0658, Steps/sec = 5.71
[2025-08-28 17:08:41] Epoch 5 Step 2060: Loss = 0.0230, Steps/sec = 5.70
[2025-08-28 17:08:42] Epoch 5 Step 2070: Loss = 0.0322, Steps/sec = 5.76
[2025-08-28 17:08:44] Epoch 5 Step 2080: Loss = 0.0091, Steps/sec = 5.68
[2025-08-28 17:08:46] Epoch 5 Step 2090: Loss = 0.1030, Steps/sec = 5.66
[2025-08-28 17:08:48] Epoch 5 Step 2100: Loss = 0.0117, Steps/sec = 5.73
[2025-08-28 17:08:49] Epoch 5 Step 2110: Loss = 0.0099, Steps/sec = 5.68
[2025-08-28 17:08:51] Epoch 5 Step 2120: Loss = 0.0218, Steps/sec = 5.74
[2025-08-28 17:08:53] Epoch 5 Step 2130: Loss = 0.0464, Steps/sec = 5.73
[2025-08-28 17:08:55] Epoch 5 Step 2140: Loss = 0.0197, Steps/sec = 5.70
[2025-08-28 17:08:56] Epoch 5 Step 2150: Loss = 0.0385, Steps/sec = 5.71
[2025-08-28 17:08:58] Epoch 5 Step 2160: Loss = 0.0196, Steps/sec = 5.75
[2025-08-28 17:09:00] Epoch 5 Step 2170: Loss = 0.0275, Steps/sec = 5.74
[2025-08-28 17:09:02] Epoch 5 Step 2180: Loss = 0.0162, Steps/sec = 5.75
[2025-08-28 17:09:03] Epoch 5 Step 2190: Loss = 0.0409, Steps/sec = 5.73
[2025-08-28 17:09:05] Epoch 6 Step 2200: Loss = 0.0790, Steps/sec = 5.12
[2025-08-28 17:09:07] Epoch 6 Step 2210: Loss = 0.0434, Steps/sec = 5.70
[2025-08-28 17:09:09] Epoch 6 Step 2220: Loss = 0.0689, Steps/sec = 5.64
[2025-08-28 17:09:11] Epoch 6 Step 2230: Loss = 0.0498, Steps/sec = 5.74
[2025-08-28 17:09:12] Epoch 6 Step 2240: Loss = 0.0269, Steps/sec = 5.73
[2025-08-28 17:09:14] Epoch 6 Step 2250: Loss = 0.0439, Steps/sec = 5.70
[2025-08-28 17:09:16] Epoch 6 Step 2260: Loss = 0.0279, Steps/sec = 5.73
[2025-08-28 17:09:18] Epoch 6 Step 2270: Loss = 0.0382, Steps/sec = 5.73
[2025-08-28 17:09:19] Epoch 6 Step 2280: Loss = 0.0266, Steps/sec = 5.73
[2025-08-28 17:09:21] Epoch 6 Step 2290: Loss = 0.0287, Steps/sec = 5.68
[2025-08-28 17:09:23] Epoch 6 Step 2300: Loss = 0.0260, Steps/sec = 5.58
[2025-08-28 17:09:25] Epoch 6 Step 2310: Loss = 0.0303, Steps/sec = 5.73
[2025-08-28 17:09:26] Epoch 6 Step 2320: Loss = 0.0548, Steps/sec = 5.74
[2025-08-28 17:09:28] Epoch 6 Step 2330: Loss = 0.0365, Steps/sec = 5.66
[2025-08-28 17:09:30] Epoch 6 Step 2340: Loss = 0.0204, Steps/sec = 5.71
[2025-08-28 17:09:32] Epoch 6 Step 2350: Loss = 0.0252, Steps/sec = 5.67
[2025-08-28 17:09:33] Epoch 6 Step 2360: Loss = 0.0269, Steps/sec = 5.72
[2025-08-28 17:09:35] Epoch 6 Step 2370: Loss = 0.0289, Steps/sec = 5.71
[2025-08-28 17:09:37] Epoch 6 Step 2380: Loss = 0.0399, Steps/sec = 5.70
[2025-08-28 17:09:39] Epoch 6 Step 2390: Loss = 0.0350, Steps/sec = 5.74
[2025-08-28 17:09:40] Epoch 6 Step 2400: Loss = 0.0373, Steps/sec = 5.71
[2025-08-28 17:09:42] Epoch 6 Step 2410: Loss = 0.0256, Steps/sec = 5.73
[2025-08-28 17:09:44] Epoch 6 Step 2420: Loss = 0.0241, Steps/sec = 5.66
[2025-08-28 17:09:46] Epoch 6 Step 2430: Loss = 0.0396, Steps/sec = 5.74
[2025-08-28 17:09:47] Epoch 6 Step 2440: Loss = 0.0210, Steps/sec = 5.73
[2025-08-28 17:09:49] Epoch 6 Step 2450: Loss = 0.0292, Steps/sec = 5.74
[2025-08-28 17:09:51] Epoch 6 Step 2460: Loss = 0.0209, Steps/sec = 5.67
[2025-08-28 17:09:53] Epoch 6 Step 2470: Loss = 0.0391, Steps/sec = 5.71
[2025-08-28 17:09:54] Epoch 6 Step 2480: Loss = 0.0333, Steps/sec = 5.72
[2025-08-28 17:09:56] Epoch 6 Step 2490: Loss = 0.0108, Steps/sec = 5.73
[2025-08-28 17:09:58] Epoch 6 Step 2500: Loss = 0.0191, Steps/sec = 5.73
[2025-08-28 17:10:00] Epoch 6 Step 2510: Loss = 0.0198, Steps/sec = 5.72
[2025-08-28 17:10:01] Epoch 6 Step 2520: Loss = 0.0471, Steps/sec = 5.73
[2025-08-28 17:10:03] Epoch 6 Step 2530: Loss = 0.0174, Steps/sec = 5.68
[2025-08-28 17:10:05] Epoch 6 Step 2540: Loss = 0.0409, Steps/sec = 5.71
[2025-08-28 17:10:07] Epoch 6 Step 2550: Loss = 0.0781, Steps/sec = 5.73
[2025-08-28 17:10:09] Epoch 7 Step 2560: Loss = 0.0177, Steps/sec = 5.11
[2025-08-28 17:10:10] Epoch 7 Step 2570: Loss = 0.0585, Steps/sec = 5.70
[2025-08-28 17:10:12] Epoch 7 Step 2580: Loss = 0.0224, Steps/sec = 5.73
[2025-08-28 17:10:14] Epoch 7 Step 2590: Loss = 0.0375, Steps/sec = 5.64
[2025-08-28 17:10:16] Epoch 7 Step 2600: Loss = 0.0252, Steps/sec = 5.63
[2025-08-28 17:10:17] Epoch 7 Step 2610: Loss = 0.0224, Steps/sec = 5.67
[2025-08-28 17:10:19] Epoch 7 Step 2620: Loss = 0.0326, Steps/sec = 5.61
[2025-08-28 17:10:21] Epoch 7 Step 2630: Loss = 0.0379, Steps/sec = 5.72
[2025-08-28 17:10:23] Epoch 7 Step 2640: Loss = 0.0361, Steps/sec = 5.73
[2025-08-28 17:10:24] Epoch 7 Step 2650: Loss = 0.0589, Steps/sec = 5.74
[2025-08-28 17:10:26] Epoch 7 Step 2660: Loss = 0.0507, Steps/sec = 5.71
[2025-08-28 17:10:28] Epoch 7 Step 2670: Loss = 0.0104, Steps/sec = 5.70
[2025-08-28 17:10:30] Epoch 7 Step 2680: Loss = 0.0987, Steps/sec = 5.74
[2025-08-28 17:10:31] Epoch 7 Step 2690: Loss = 0.0195, Steps/sec = 5.74
[2025-08-28 17:10:33] Epoch 7 Step 2700: Loss = 0.0345, Steps/sec = 5.67
[2025-08-28 17:10:35] Epoch 7 Step 2710: Loss = 0.0274, Steps/sec = 5.72
[2025-08-28 17:10:37] Epoch 7 Step 2720: Loss = 0.0402, Steps/sec = 5.67
[2025-08-28 17:10:38] Epoch 7 Step 2730: Loss = 0.0320, Steps/sec = 5.64
[2025-08-28 17:10:40] Epoch 7 Step 2740: Loss = 0.0338, Steps/sec = 5.72
[2025-08-28 17:10:42] Epoch 7 Step 2750: Loss = 0.0434, Steps/sec = 5.67
[2025-08-28 17:10:44] Epoch 7 Step 2760: Loss = 0.0409, Steps/sec = 5.73
[2025-08-28 17:10:45] Epoch 7 Step 2770: Loss = 0.0429, Steps/sec = 5.60
[2025-08-28 17:10:47] Epoch 7 Step 2780: Loss = 0.0562, Steps/sec = 5.70
[2025-08-28 17:10:49] Epoch 7 Step 2790: Loss = 0.0178, Steps/sec = 5.66
[2025-08-28 17:10:51] Epoch 7 Step 2800: Loss = 0.0936, Steps/sec = 5.70
[2025-08-28 17:10:53] Epoch 7 Step 2810: Loss = 0.0211, Steps/sec = 5.72
[2025-08-28 17:10:54] Epoch 7 Step 2820: Loss = 0.0063, Steps/sec = 5.67
[2025-08-28 17:10:56] Epoch 7 Step 2830: Loss = 0.0159, Steps/sec = 5.70
[2025-08-28 17:10:58] Epoch 7 Step 2840: Loss = 0.0498, Steps/sec = 5.74
[2025-08-28 17:11:00] Epoch 7 Step 2850: Loss = 0.0350, Steps/sec = 5.64
[2025-08-28 17:11:01] Epoch 7 Step 2860: Loss = 0.0183, Steps/sec = 5.74
[2025-08-28 17:11:03] Epoch 7 Step 2870: Loss = 0.0193, Steps/sec = 5.67
[2025-08-28 17:11:05] Epoch 7 Step 2880: Loss = 0.0465, Steps/sec = 5.58
[2025-08-28 17:11:07] Epoch 7 Step 2890: Loss = 0.0505, Steps/sec = 5.71
[2025-08-28 17:11:08] Epoch 7 Step 2900: Loss = 0.0232, Steps/sec = 5.69
[2025-08-28 17:11:10] Epoch 7 Step 2910: Loss = 0.0307, Steps/sec = 5.67
[2025-08-28 17:11:12] Epoch 7 Step 2920: Loss = 0.0606, Steps/sec = 5.64
[2025-08-28 17:11:14] Epoch 8 Step 2930: Loss = 0.0655, Steps/sec = 5.11
[2025-08-28 17:11:16] Epoch 8 Step 2940: Loss = 0.0446, Steps/sec = 5.73
[2025-08-28 17:11:17] Epoch 8 Step 2950: Loss = 0.0328, Steps/sec = 5.71
[2025-08-28 17:11:19] Epoch 8 Step 2960: Loss = 0.0243, Steps/sec = 5.66
[2025-08-28 17:11:21] Epoch 8 Step 2970: Loss = 0.0190, Steps/sec = 5.59
[2025-08-28 17:11:23] Epoch 8 Step 2980: Loss = 0.0267, Steps/sec = 5.68
[2025-08-28 17:11:24] Epoch 8 Step 2990: Loss = 0.0296, Steps/sec = 5.73
[2025-08-28 17:11:26] Epoch 8 Step 3000: Loss = 0.0339, Steps/sec = 5.70
[2025-08-28 17:11:28] Epoch 8 Step 3010: Loss = 0.0246, Steps/sec = 5.68
[2025-08-28 17:11:30] Epoch 8 Step 3020: Loss = 0.0518, Steps/sec = 5.59
[2025-08-28 17:11:31] Epoch 8 Step 3030: Loss = 0.0153, Steps/sec = 5.66
[2025-08-28 17:11:33] Epoch 8 Step 3040: Loss = 0.0141, Steps/sec = 5.74
[2025-08-28 17:11:35] Epoch 8 Step 3050: Loss = 0.0387, Steps/sec = 5.71
[2025-08-28 17:11:37] Epoch 8 Step 3060: Loss = 0.0117, Steps/sec = 5.72
[2025-08-28 17:11:38] Epoch 8 Step 3070: Loss = 0.0308, Steps/sec = 5.69
[2025-08-28 17:11:40] Epoch 8 Step 3080: Loss = 0.0221, Steps/sec = 5.68
[2025-08-28 17:11:42] Epoch 8 Step 3090: Loss = 0.0151, Steps/sec = 5.70
[2025-08-28 17:11:44] Epoch 8 Step 3100: Loss = 0.0401, Steps/sec = 5.73
[2025-08-28 17:11:45] Epoch 8 Step 3110: Loss = 0.0390, Steps/sec = 5.64
[2025-08-28 17:11:47] Epoch 8 Step 3120: Loss = 0.0591, Steps/sec = 5.72
[2025-08-28 17:11:49] Epoch 8 Step 3130: Loss = 0.0393, Steps/sec = 5.71
[2025-08-28 17:11:51] Epoch 8 Step 3140: Loss = 0.0777, Steps/sec = 5.69
[2025-08-28 17:11:53] Epoch 8 Step 3150: Loss = 0.0242, Steps/sec = 5.62
[2025-08-28 17:11:54] Epoch 8 Step 3160: Loss = 0.0242, Steps/sec = 5.63
[2025-08-28 17:11:56] Epoch 8 Step 3170: Loss = 0.0478, Steps/sec = 5.64
[2025-08-28 17:11:58] Epoch 8 Step 3180: Loss = 0.0333, Steps/sec = 5.59
[2025-08-28 17:12:00] Epoch 8 Step 3190: Loss = 0.0123, Steps/sec = 5.69
[2025-08-28 17:12:01] Epoch 8 Step 3200: Loss = 0.0461, Steps/sec = 5.68
[2025-08-28 17:12:03] Epoch 8 Step 3210: Loss = 0.0655, Steps/sec = 5.72
[2025-08-28 17:12:05] Epoch 8 Step 3220: Loss = 0.0851, Steps/sec = 5.73
[2025-08-28 17:12:07] Epoch 8 Step 3230: Loss = 0.0160, Steps/sec = 5.70
[2025-08-28 17:12:08] Epoch 8 Step 3240: Loss = 0.0490, Steps/sec = 5.67
[2025-08-28 17:12:10] Epoch 8 Step 3250: Loss = 0.0164, Steps/sec = 5.69
[2025-08-28 17:12:12] Epoch 8 Step 3260: Loss = 0.0290, Steps/sec = 5.71
[2025-08-28 17:12:14] Epoch 8 Step 3270: Loss = 0.0244, Steps/sec = 5.70
[2025-08-28 17:12:15] Epoch 8 Step 3280: Loss = 0.0161, Steps/sec = 5.72
[2025-08-28 17:12:17] Epoch 9 Step 3290: Loss = 0.0152, Steps/sec = 5.16
[2025-08-28 17:12:19] Epoch 9 Step 3300: Loss = 0.0382, Steps/sec = 5.71
[2025-08-28 17:12:21] Epoch 9 Step 3310: Loss = 0.0434, Steps/sec = 5.69
[2025-08-28 17:12:23] Epoch 9 Step 3320: Loss = 0.0234, Steps/sec = 5.71
[2025-08-28 17:12:24] Epoch 9 Step 3330: Loss = 0.0170, Steps/sec = 5.71
[2025-08-28 17:12:26] Epoch 9 Step 3340: Loss = 0.0308, Steps/sec = 5.68
[2025-08-28 17:12:28] Epoch 9 Step 3350: Loss = 0.0244, Steps/sec = 5.71
[2025-08-28 17:12:30] Epoch 9 Step 3360: Loss = 0.0474, Steps/sec = 5.64
[2025-08-28 17:12:31] Epoch 9 Step 3370: Loss = 0.0337, Steps/sec = 5.67
[2025-08-28 17:12:33] Epoch 9 Step 3380: Loss = 0.0303, Steps/sec = 5.66
[2025-08-28 17:12:35] Epoch 9 Step 3390: Loss = 0.0637, Steps/sec = 5.71
[2025-08-28 17:12:37] Epoch 9 Step 3400: Loss = 0.0307, Steps/sec = 5.64
[2025-08-28 17:12:38] Epoch 9 Step 3410: Loss = 0.0290, Steps/sec = 5.70
[2025-08-28 17:12:40] Epoch 9 Step 3420: Loss = 0.0168, Steps/sec = 5.72
[2025-08-28 17:12:42] Epoch 9 Step 3430: Loss = 0.0105, Steps/sec = 5.67
[2025-08-28 17:12:44] Epoch 9 Step 3440: Loss = 0.0427, Steps/sec = 5.61
[2025-08-28 17:12:46] Epoch 9 Step 3450: Loss = 0.0231, Steps/sec = 5.72
[2025-08-28 17:12:47] Epoch 9 Step 3460: Loss = 0.0209, Steps/sec = 5.72
[2025-08-28 17:12:49] Epoch 9 Step 3470: Loss = 0.0102, Steps/sec = 5.70
[2025-08-28 17:12:51] Epoch 9 Step 3480: Loss = 0.0837, Steps/sec = 5.73
[2025-08-28 17:12:53] Epoch 9 Step 3490: Loss = 0.0194, Steps/sec = 5.69
[2025-08-28 17:12:54] Epoch 9 Step 3500: Loss = 0.0433, Steps/sec = 5.64
[2025-08-28 17:12:56] Epoch 9 Step 3510: Loss = 0.0190, Steps/sec = 5.71
[2025-08-28 17:12:58] Epoch 9 Step 3520: Loss = 0.0274, Steps/sec = 5.72
[2025-08-28 17:13:00] Epoch 9 Step 3530: Loss = 0.0099, Steps/sec = 5.68
[2025-08-28 17:13:01] Epoch 9 Step 3540: Loss = 0.0100, Steps/sec = 5.71
[2025-08-28 17:13:03] Epoch 9 Step 3550: Loss = 0.0308, Steps/sec = 5.60
[2025-08-28 17:13:05] Epoch 9 Step 3560: Loss = 0.0610, Steps/sec = 5.67
[2025-08-28 17:13:07] Epoch 9 Step 3570: Loss = 0.0349, Steps/sec = 5.65
[2025-08-28 17:13:08] Epoch 9 Step 3580: Loss = 0.0323, Steps/sec = 5.72
[2025-08-28 17:13:10] Epoch 9 Step 3590: Loss = 0.0272, Steps/sec = 5.73
[2025-08-28 17:13:12] Epoch 9 Step 3600: Loss = 0.0117, Steps/sec = 5.70
[2025-08-28 17:13:14] Epoch 9 Step 3610: Loss = 0.0240, Steps/sec = 5.73
[2025-08-28 17:13:15] Epoch 9 Step 3620: Loss = 0.0131, Steps/sec = 5.73
[2025-08-28 17:13:17] Epoch 9 Step 3630: Loss = 0.0296, Steps/sec = 5.70
[2025-08-28 17:13:19] Epoch 9 Step 3640: Loss = 0.0262, Steps/sec = 5.62
[2025-08-28 17:13:21] Epoch 9 Step 3650: Loss = 0.0178, Steps/sec = 5.73
[2025-08-28 17:13:23] Epoch 10 Step 3660: Loss = 0.0180, Steps/sec = 5.16
[2025-08-28 17:13:24] Epoch 10 Step 3670: Loss = 0.0201, Steps/sec = 5.72
[2025-08-28 17:13:26] Epoch 10 Step 3680: Loss = 0.0479, Steps/sec = 5.75
[2025-08-28 17:13:28] Epoch 10 Step 3690: Loss = 0.0179, Steps/sec = 5.72
[2025-08-28 17:13:30] Epoch 10 Step 3700: Loss = 0.0487, Steps/sec = 5.69
[2025-08-28 17:13:31] Epoch 10 Step 3710: Loss = 0.0125, Steps/sec = 5.73
[2025-08-28 17:13:33] Epoch 10 Step 3720: Loss = 0.0508, Steps/sec = 5.71
[2025-08-28 17:13:35] Epoch 10 Step 3730: Loss = 0.0153, Steps/sec = 5.73
[2025-08-28 17:13:37] Epoch 10 Step 3740: Loss = 0.0144, Steps/sec = 5.73
[2025-08-28 17:13:38] Epoch 10 Step 3750: Loss = 0.0147, Steps/sec = 5.63
[2025-08-28 17:13:40] Epoch 10 Step 3760: Loss = 0.0503, Steps/sec = 5.66
[2025-08-28 17:13:42] Epoch 10 Step 3770: Loss = 0.0427, Steps/sec = 5.68
[2025-08-28 17:13:44] Epoch 10 Step 3780: Loss = 0.0231, Steps/sec = 5.74
[2025-08-28 17:13:45] Epoch 10 Step 3790: Loss = 0.0223, Steps/sec = 5.72
[2025-08-28 17:13:47] Epoch 10 Step 3800: Loss = 0.0155, Steps/sec = 5.72
[2025-08-28 17:13:49] Epoch 10 Step 3810: Loss = 0.0284, Steps/sec = 5.73
[2025-08-28 17:13:51] Epoch 10 Step 3820: Loss = 0.0540, Steps/sec = 5.76
[2025-08-28 17:13:52] Epoch 10 Step 3830: Loss = 0.0319, Steps/sec = 5.74
[2025-08-28 17:13:54] Epoch 10 Step 3840: Loss = 0.0108, Steps/sec = 5.74
[2025-08-28 17:13:56] Epoch 10 Step 3850: Loss = 0.0202, Steps/sec = 5.74
[2025-08-28 17:13:58] Epoch 10 Step 3860: Loss = 0.0339, Steps/sec = 5.72
[2025-08-28 17:13:59] Epoch 10 Step 3870: Loss = 0.0162, Steps/sec = 5.72
[2025-08-28 17:14:01] Epoch 10 Step 3880: Loss = 0.0153, Steps/sec = 5.73
[2025-08-28 17:14:03] Epoch 10 Step 3890: Loss = 0.0096, Steps/sec = 5.72
[2025-08-28 17:14:05] Epoch 10 Step 3900: Loss = 0.0350, Steps/sec = 5.71
[2025-08-28 17:14:06] Epoch 10 Step 3910: Loss = 0.0295, Steps/sec = 5.69
[2025-08-28 17:14:08] Epoch 10 Step 3920: Loss = 0.0319, Steps/sec = 5.75
[2025-08-28 17:14:10] Epoch 10 Step 3930: Loss = 0.0353, Steps/sec = 5.69
[2025-08-28 17:14:12] Epoch 10 Step 3940: Loss = 0.0100, Steps/sec = 5.76
[2025-08-28 17:14:13] Epoch 10 Step 3950: Loss = 0.0277, Steps/sec = 5.69
[2025-08-28 17:14:15] Epoch 10 Step 3960: Loss = 0.0080, Steps/sec = 5.62
[2025-08-28 17:14:17] Epoch 10 Step 3970: Loss = 0.0358, Steps/sec = 5.73
[2025-08-28 17:14:19] Epoch 10 Step 3980: Loss = 0.0179, Steps/sec = 5.73
[2025-08-28 17:14:20] Epoch 10 Step 3990: Loss = 0.0166, Steps/sec = 5.65
[2025-08-28 17:14:22] Epoch 10 Step 4000: Loss = 0.0269, Steps/sec = 5.68
[2025-08-28 17:14:24] Epoch 10 Step 4010: Loss = 0.0165, Steps/sec = 5.71
[2025-08-28 17:14:39] Checkpoint saved to results/DiT-B-2_previous_state/ckpt_0000010.pt
[2025-08-28 17:14:40] Epoch 11 Step 4020: Loss = 0.0372, Steps/sec = 0.62
[2025-08-28 17:14:42] Epoch 11 Step 4030: Loss = 0.0121, Steps/sec = 5.76
[2025-08-28 17:14:43] Epoch 11 Step 4040: Loss = 0.0197, Steps/sec = 5.80
[2025-08-28 17:14:45] Epoch 11 Step 4050: Loss = 0.0225, Steps/sec = 5.75
[2025-08-28 17:14:47] Epoch 11 Step 4060: Loss = 0.0329, Steps/sec = 5.75
[2025-08-28 17:14:49] Epoch 11 Step 4070: Loss = 0.0246, Steps/sec = 5.76
[2025-08-28 17:14:50] Epoch 11 Step 4080: Loss = 0.0143, Steps/sec = 5.75
[2025-08-28 17:14:52] Epoch 11 Step 4090: Loss = 0.0105, Steps/sec = 5.75
[2025-08-28 17:14:54] Epoch 11 Step 4100: Loss = 0.0452, Steps/sec = 5.74
[2025-08-28 17:14:56] Epoch 11 Step 4110: Loss = 0.0227, Steps/sec = 5.61
[2025-08-28 17:14:57] Epoch 11 Step 4120: Loss = 0.0265, Steps/sec = 5.72
[2025-08-28 17:14:59] Epoch 11 Step 4130: Loss = 0.0550, Steps/sec = 5.73
[2025-08-28 17:15:01] Epoch 11 Step 4140: Loss = 0.0127, Steps/sec = 5.68
[2025-08-28 17:15:03] Epoch 11 Step 4150: Loss = 0.0437, Steps/sec = 5.73
[2025-08-28 17:15:04] Epoch 11 Step 4160: Loss = 0.0071, Steps/sec = 5.71
[2025-08-28 17:15:06] Epoch 11 Step 4170: Loss = 0.0171, Steps/sec = 5.72
[2025-08-28 17:15:08] Epoch 11 Step 4180: Loss = 0.0209, Steps/sec = 5.72
[2025-08-28 17:15:10] Epoch 11 Step 4190: Loss = 0.0417, Steps/sec = 5.70
[2025-08-28 17:15:11] Epoch 11 Step 4200: Loss = 0.0155, Steps/sec = 5.73
[2025-08-28 17:15:13] Epoch 11 Step 4210: Loss = 0.0575, Steps/sec = 5.72
[2025-08-28 17:15:15] Epoch 11 Step 4220: Loss = 0.0810, Steps/sec = 5.71
[2025-08-28 17:15:17] Epoch 11 Step 4230: Loss = 0.0215, Steps/sec = 5.70
[2025-08-28 17:15:18] Epoch 11 Step 4240: Loss = 0.0243, Steps/sec = 5.69
[2025-08-28 17:15:20] Epoch 11 Step 4250: Loss = 0.0242, Steps/sec = 5.74
[2025-08-28 17:15:22] Epoch 11 Step 4260: Loss = 0.0150, Steps/sec = 5.73
[2025-08-28 17:15:24] Epoch 11 Step 4270: Loss = 0.0193, Steps/sec = 5.69
[2025-08-28 17:15:25] Epoch 11 Step 4280: Loss = 0.0383, Steps/sec = 5.71
[2025-08-28 17:15:27] Epoch 11 Step 4290: Loss = 0.0303, Steps/sec = 5.72
[2025-08-28 17:15:29] Epoch 11 Step 4300: Loss = 0.0094, Steps/sec = 5.72
[2025-08-28 17:15:31] Epoch 11 Step 4310: Loss = 0.0169, Steps/sec = 5.73
[2025-08-28 17:15:32] Epoch 11 Step 4320: Loss = 0.0217, Steps/sec = 5.72
[2025-08-28 17:15:34] Epoch 11 Step 4330: Loss = 0.0822, Steps/sec = 5.75
[2025-08-28 17:15:36] Epoch 11 Step 4340: Loss = 0.0236, Steps/sec = 5.72
[2025-08-28 17:15:38] Epoch 11 Step 4350: Loss = 0.0319, Steps/sec = 5.73
[2025-08-28 17:15:39] Epoch 11 Step 4360: Loss = 0.0121, Steps/sec = 5.73
[2025-08-28 17:15:41] Epoch 11 Step 4370: Loss = 0.0870, Steps/sec = 5.70
[2025-08-28 17:15:43] Epoch 11 Step 4380: Loss = 0.0199, Steps/sec = 5.74
[2025-08-28 17:15:45] Epoch 12 Step 4390: Loss = 0.0195, Steps/sec = 5.16
[2025-08-28 17:15:46] Epoch 12 Step 4400: Loss = 0.0101, Steps/sec = 5.73
[2025-08-28 17:15:48] Epoch 12 Step 4410: Loss = 0.0398, Steps/sec = 5.72
[2025-08-28 17:15:50] Epoch 12 Step 4420: Loss = 0.0781, Steps/sec = 5.73
[2025-08-28 17:15:52] Epoch 12 Step 4430: Loss = 0.0327, Steps/sec = 5.72
[2025-08-28 17:15:53] Epoch 12 Step 4440: Loss = 0.0094, Steps/sec = 5.71
[2025-08-28 17:15:55] Epoch 12 Step 4450: Loss = 0.0162, Steps/sec = 5.75
[2025-08-28 17:15:57] Epoch 12 Step 4460: Loss = 0.0236, Steps/sec = 5.71
[2025-08-28 17:15:59] Epoch 12 Step 4470: Loss = 0.0131, Steps/sec = 5.74
[2025-08-28 17:16:00] Epoch 12 Step 4480: Loss = 0.0149, Steps/sec = 5.68
[2025-08-28 17:16:02] Epoch 12 Step 4490: Loss = 0.0348, Steps/sec = 5.71
[2025-08-28 17:16:04] Epoch 12 Step 4500: Loss = 0.0135, Steps/sec = 5.70
[2025-08-28 17:16:06] Epoch 12 Step 4510: Loss = 0.1100, Steps/sec = 5.69
[2025-08-28 17:16:08] Epoch 12 Step 4520: Loss = 0.1007, Steps/sec = 5.61
[2025-08-28 17:16:09] Epoch 12 Step 4530: Loss = 0.0133, Steps/sec = 5.70
[2025-08-28 17:16:11] Epoch 12 Step 4540: Loss = 0.0369, Steps/sec = 5.68
[2025-08-28 17:16:13] Epoch 12 Step 4550: Loss = 0.0162, Steps/sec = 5.73
[2025-08-28 17:16:15] Epoch 12 Step 4560: Loss = 0.0407, Steps/sec = 5.72
[2025-08-28 17:16:16] Epoch 12 Step 4570: Loss = 0.0144, Steps/sec = 5.72
[2025-08-28 17:16:18] Epoch 12 Step 4580: Loss = 0.0141, Steps/sec = 5.58
[2025-08-28 17:16:20] Epoch 12 Step 4590: Loss = 0.0277, Steps/sec = 5.71
[2025-08-28 17:16:22] Epoch 12 Step 4600: Loss = 0.0209, Steps/sec = 5.70
[2025-08-28 17:16:23] Epoch 12 Step 4610: Loss = 0.0449, Steps/sec = 5.73
[2025-08-28 17:16:25] Epoch 12 Step 4620: Loss = 0.0077, Steps/sec = 5.71
[2025-08-28 17:16:27] Epoch 12 Step 4630: Loss = 0.0122, Steps/sec = 5.67
[2025-08-28 17:16:29] Epoch 12 Step 4640: Loss = 0.0172, Steps/sec = 5.54
[2025-08-28 17:16:30] Epoch 12 Step 4650: Loss = 0.0205, Steps/sec = 5.70
[2025-08-28 17:16:32] Epoch 12 Step 4660: Loss = 0.0135, Steps/sec = 5.73
[2025-08-28 17:16:34] Epoch 12 Step 4670: Loss = 0.0491, Steps/sec = 5.73
[2025-08-28 17:16:36] Epoch 12 Step 4680: Loss = 0.0419, Steps/sec = 5.70
[2025-08-28 17:16:37] Epoch 12 Step 4690: Loss = 0.0154, Steps/sec = 5.72
[2025-08-28 17:16:39] Epoch 12 Step 4700: Loss = 0.0960, Steps/sec = 5.73
[2025-08-28 17:16:41] Epoch 12 Step 4710: Loss = 0.0153, Steps/sec = 5.70
[2025-08-28 17:16:43] Epoch 12 Step 4720: Loss = 0.0152, Steps/sec = 5.72
[2025-08-28 17:16:44] Epoch 12 Step 4730: Loss = 0.0393, Steps/sec = 5.70
[2025-08-28 17:16:46] Epoch 12 Step 4740: Loss = 0.0277, Steps/sec = 5.72
[2025-08-28 17:16:48] Epoch 13 Step 4750: Loss = 0.0123, Steps/sec = 5.16
[2025-08-28 17:16:50] Epoch 13 Step 4760: Loss = 0.0176, Steps/sec = 5.71
[2025-08-28 17:16:52] Epoch 13 Step 4770: Loss = 0.0174, Steps/sec = 5.73
[2025-08-28 17:16:53] Epoch 13 Step 4780: Loss = 0.0259, Steps/sec = 5.69
[2025-08-28 17:16:55] Epoch 13 Step 4790: Loss = 0.0215, Steps/sec = 5.67
[2025-08-28 17:16:57] Epoch 13 Step 4800: Loss = 0.0140, Steps/sec = 5.69
[2025-08-28 17:16:59] Epoch 13 Step 4810: Loss = 0.0104, Steps/sec = 5.65
[2025-08-28 17:17:00] Epoch 13 Step 4820: Loss = 0.0815, Steps/sec = 5.73
[2025-08-28 17:17:02] Epoch 13 Step 4830: Loss = 0.0444, Steps/sec = 5.72
[2025-08-28 17:17:04] Epoch 13 Step 4840: Loss = 0.0110, Steps/sec = 5.71
[2025-08-28 17:17:06] Epoch 13 Step 4850: Loss = 0.0322, Steps/sec = 5.60
[2025-08-28 17:17:07] Epoch 13 Step 4860: Loss = 0.0223, Steps/sec = 5.67
[2025-08-28 17:17:09] Epoch 13 Step 4870: Loss = 0.0971, Steps/sec = 5.69
[2025-08-28 17:17:11] Epoch 13 Step 4880: Loss = 0.0263, Steps/sec = 5.72
[2025-08-28 17:17:13] Epoch 13 Step 4890: Loss = 0.0450, Steps/sec = 5.68
[2025-08-28 17:17:14] Epoch 13 Step 4900: Loss = 0.0162, Steps/sec = 5.70
[2025-08-28 17:17:16] Epoch 13 Step 4910: Loss = 0.0157, Steps/sec = 5.70
[2025-08-28 17:17:18] Epoch 13 Step 4920: Loss = 0.0292, Steps/sec = 5.72
[2025-08-28 17:17:20] Epoch 13 Step 4930: Loss = 0.0103, Steps/sec = 5.70
[2025-08-28 17:17:21] Epoch 13 Step 4940: Loss = 0.0199, Steps/sec = 5.73
[2025-08-28 17:17:23] Epoch 13 Step 4950: Loss = 0.0203, Steps/sec = 5.65
[2025-08-28 17:17:25] Epoch 13 Step 4960: Loss = 0.0246, Steps/sec = 5.68
[2025-08-28 17:17:27] Epoch 13 Step 4970: Loss = 0.0227, Steps/sec = 5.73
