Lmod has detected the following error: The following module(s) are unknown:
"GCCcore/13.3.0"

Please check the spelling or version number. Also try "module spider ..."
It is also possible your cache file is out-of-date; it may help to try:
  $ module --ignore_cache load "GCCcore/13.3.0"

Also make sure that all modulefiles written in TCL start with the string
#%Module



[W828 16:26:46.163211332 socket.cpp:755] [c10d] The client socket cannot be initialized to connect to [jrc0346.jureca]:12340 (errno: 97 - Address family not supported by protocol).
[W828 16:26:46.163201072 socket.cpp:755] [c10d] The client socket cannot be initialized to connect to [jrc0346.jureca]:12340 (errno: 97 - Address family not supported by protocol).
[W828 16:26:46.163290102 socket.cpp:755] [c10d] The client socket cannot be initialized to connect to [jrc0346.jureca]:12340 (errno: 97 - Address family not supported by protocol).
[W828 16:26:46.196661173 socket.cpp:755] [c10d] The client socket cannot be initialized to connect to [jrc0346.jureca]:12340 (errno: 97 - Address family not supported by protocol).
[2025-08-28 16:26:51] Starting training...
[rank3]: Traceback (most recent call last):
[rank3]:   File "/p/project1/training2533/lancelin1/WeGenDiffusion/train.py", line 232, in <module>
[rank3]:     main(args)
[rank3]:   File "/p/project1/training2533/lancelin1/WeGenDiffusion/train.py", line 185, in main
[rank3]:     loss_dict = diffusion.training_losses(model, x, t, dict(y=y))
[rank3]:                 ^^^^^^^^^^^^^^^^^^^^^^^^^^^^^^^^^^^^^^^^^^^^^^^^^
[rank3]:   File "/p/project1/training2533/lancelin1/WeGenDiffusion/diffusion/respace.py", line 97, in training_losses
[rank3]:     return super().training_losses(self._wrap_model(model), *args, **kwargs)
[rank3]:            ^^^^^^^^^^^^^^^^^^^^^^^^^^^^^^^^^^^^^^^^^^^^^^^^^^^^^^^^^^^^^^^^^
[rank3]:   File "/p/project1/training2533/lancelin1/WeGenDiffusion/diffusion/gaussian_diffusion.py", line 747, in training_losses
[rank3]:     model_output = model(x_t, t, **model_kwargs)
[rank3]:                    ^^^^^^^^^^^^^^^^^^^^^^^^^^^^^
[rank3]:   File "/p/project1/training2533/lancelin1/WeGenDiffusion/diffusion/respace.py", line 129, in __call__
[rank3]:     return self.model(x, new_ts, **kwargs)
[rank3]:            ^^^^^^^^^^^^^^^^^^^^^^^^^^^^^^^
[rank3]:   File "/p/project1/training2533/lancelin1/WeGenDiffusion/.venv/lib/python3.12/site-packages/torch/nn/modules/module.py", line 1751, in _wrapped_call_impl
[rank3]:     return self._call_impl(*args, **kwargs)
[rank3]:            ^^^^^^^^^^^^^^^^^^^^^^^^^^^^^^^^
[rank3]:   File "/p/project1/training2533/lancelin1/WeGenDiffusion/.venv/lib/python3.12/site-packages/torch/nn/modules/module.py", line 1762, in _call_impl
[rank3]:     return forward_call(*args, **kwargs)
[rank3]:            ^^^^^^^^^^^^^^^^^^^^^^^^^^^^^
[rank3]:   File "/p/project1/training2533/lancelin1/WeGenDiffusion/.venv/lib/python3.12/site-packages/torch/nn/parallel/distributed.py", line 1637, in forward
[rank3]:     else self._run_ddp_forward(*inputs, **kwargs)
[rank3]:          ^^^^^^^^^^^^^^^^^^^^^^^^^^^^^^^^^^^^^^^^
[rank3]:   File "/p/project1/training2533/lancelin1/WeGenDiffusion/.venv/lib/python3.12/site-packages/torch/nn/parallel/distrib[rank1]: Traceback (most recent call last):
[rank1]:   File "/p/project1/training2533/lancelin1/WeGenDiffusion/train.py", line 232, in <module>
[rank1]:     main(args)
[rank1]:   File "/p/project1/training2533/lancelin1/WeGenDiffusion/train.py", line 185, in main
[rank1]:     loss_dict = diffusion.training_losses(model, x, t, dict(y=y))
[rank1]:                 ^^^^^^^^^^^^^^^^^^^^^^^^^^^^^^^^^^^^^^^^^^^^^^^^^
[rank1]:   File "/p/project1/training2533/lancelin1/WeGenDiffusion/diffusion/respace.py", line 97, in training_losses
[rank1]:     return super().training_losses(self._wrap_model(model), *args, **kwargs)
[rank1]:            ^^^^^^^^^^^^^^^^^^^^^^^^^^^^^^^^^^^^^^^^^^^^^^^^^^^^^^^^^^^^^^^^^
[rank1]:   File "/p/project1/training2533/lancelin1/WeGenDiffusion/diffusion/gaussian_diffusion.py", line 747, in training_losses
[rank1]:     model_output = model(x_t, t, **model_kwargs)
[rank1]:                    ^^^^^^^^^^^^^^^^^^^^^^^^^^^^^
[rank1]:   File "/p/project1/training2533/lancelin1/WeGenDiffusion/diffusion/respace.py", line 129uted.py", line 1464, in _run_ddp_forward
[rank3]:     return self.module(*inputs, **kwargs)  # type: ignore[index]
[rank3]:            ^^^^^^^^^^^^^^^^^^^^^^^^^^^^^^
[rank3]:   File "/p/project1/training2533/lancelin1/WeGenDiffusion/.venv/lib/python3.12/site-packages/torch/nn/modules/module.py", line 1751, in _wrapped_call_impl
[rank3]:     return self._call_impl(*args, **kwargs)
[rank3]:            ^^^^^^^^^^^^^^^^^^^^^^^^^^^^^^^^
[rank3]:   File "/p/project1/training2533/lancelin1/WeGenDiffusion/.venv/lib/python3.12/site-packages/torch/nn/modules/module.py", line 1762, in _call_impl
[rank3]:     return forward_call(*args, **kwargs)
[rank3]:            ^^^^^^^^^^^^^^^^^^^^^^^^^^^^^
[rank3]:   File "/p/project1/training2533/lancelin1/WeGenDiffusion/models.py", line 258, in forward
[rank3]:     y = self.y_embedder(y, self.training)    # (N, D)
[rank3]:         ^^^^^^^^^^^^^^^^^^^^^^^^^^^^^^^^^
[rank3]:   File "/p/project1/training2533/lancelin1/WeGenDiffusion/.venv/lib/python3.12/site-packages/torch/nn/modules/module.py", line 1751, , in __call__
[rank1]:     return self.model(x, new_ts, **kwargs)
[rank1]:            ^^^^^^^^^^^^^^^^^^^^^^^^^^^^^^^
[rank1]:   File "/p/project1/training2533/lancelin1/WeGenDiffusion/.venv/lib/python3.12/site-packages/torch/nn/modules/module.py", line 1751, in _wrapped_call_impl
[rank1]:     return self._call_impl(*args, **kwargs)
[rank1]:            ^^^^^^^^^^^^^^^^^^^^^^^^^^^^^^^^
[rank1]:   File "/p/project1/training2533/lancelin1/WeGenDiffusion/.venv/lib/python3.12/site-packages/torch/nn/modules/module.py", line 1762, in _call_impl
[rank1]:     return forward_call(*args, **kwargs)
[rank1]:            ^^^^^^^^^^^^^^^^^^^^^^^^^^^^^
[rank1]:   File "/p/project1/training2533/lancelin1/WeGenDiffusion/.venv/lib/python3.12/site-packages/torch/nn/parallel/distributed.py", line 1637, in forward
[rank1]:     else self._run_ddp_forward(*inputs, **kwargs)
[rank1]:          ^^^^^^^^^^^^^^^^^^^^^^^^^^^^^^^^^^^^^^^^
[rank1]:   File "/p/project1/training2533/lancelin1/WeGenDiffusion/.venv/lib/python3.12/site-packages/torch/nn/parallel/distrib[rank2]: Traceback (most recent call last):
[rank2]:   File "/p/project1/training2533/lancelin1/WeGenDiffusion/train.py", line 232, in <module>
[rank2]:     main(args)
[rank2]:   File "/p/project1/training2533/lancelin1/WeGenDiffusion/train.py", line 185, in main
[rank2]:     loss_dict = diffusion.training_losses(model, x, t, dict(y=y))
[rank2]:                 ^^^^^^^^^^^^^^^^^^^^^^^^^^^^^^^^^^^^^^^^^^^^^^^^^
[rank2]:   File "/p/project1/training2533/lancelin1/WeGenDiffusion/diffusion/respace.py", line 97, in training_losses
[rank2]:     return super().training_losses(self._wrap_model(model), *args, **kwargs)
[rank2]:            ^^^^^^^^^^^^^^^^^^^^^^^^^^^^^^^^^^^^^^^^^^^^^^^^^^^^^^^^^^^^^^^^^
[rank2]:   File "/p/project1/training2533/lancelin1/WeGenDiffusion/diffusion/gaussian_diffusion.py", line 747, in training_losses
[rank2]:     model_output = model(x_t, t, **model_kwargs)
[rank2]:                    ^^^^^^^^^^^^^^^^^^^^^^^^^^^^^
[rank2]:   File "/p/project1/training2533/lancelin1/WeGenDiffusion/diffusion/respace.py", line 129[rank0]: Traceback (most recent call last):
[rank0]:   File "/p/project1/training2533/lancelin1/WeGenDiffusion/train.py", line 232, in <module>
[rank0]:     main(args)
[rank0]:   File "/p/project1/training2533/lancelin1/WeGenDiffusion/train.py", line 185, in main
[rank0]:     loss_dict = diffusion.training_losses(model, x, t, dict(y=y))
[rank0]:                 ^^^^^^^^^^^^^^^^^^^^^^^^^^^^^^^^^^^^^^^^^^^^^^^^^
[rank0]:   File "/p/project1/training2533/lancelin1/WeGenDiffusion/diffusion/respace.py", line 97, in training_losses
[rank0]:     return super().training_losses(self._wrap_model(model), *args, **kwargs)
[rank0]:            ^^^^^^^^^^^^^^^^^^^^^^^^^^^^^^^^^^^^^^^^^^^^^^^^^^^^^^^^^^^^^^^^^
[rank0]:   File "/p/project1/training2533/lancelin1/WeGenDiffusion/diffusion/gaussian_diffusion.py", line 747, in training_losses
[rank0]:     model_output = model(x_t, t, **model_kwargs)
[rank0]:                    ^^^^^^^^^^^^^^^^^^^^^^^^^^^^^
[rank0]:   File "/p/project1/training2533/lancelin1/WeGenDiffusion/diffusion/respace.py", line 129in _wrapped_call_impl
[rank3]:     return self._call_impl(*args, **kwargs)
[rank3]:            ^^^^^^^^^^^^^^^^^^^^^^^^^^^^^^^^
[rank3]:   File "/p/project1/training2533/lancelin1/WeGenDiffusion/.venv/lib/python3.12/site-packages/torch/nn/modules/module.py", line 1762, in _call_impl
[rank3]:     return forward_call(*args, **kwargs)
[rank3]:            ^^^^^^^^^^^^^^^^^^^^^^^^^^^^^
[rank3]:   File "/p/project1/training2533/lancelin1/WeGenDiffusion/models.py", line 93, in forward
[rank3]:     embeddings = self.embedding_table(labels)
[rank3]:                  ^^^^^^^^^^^^^^^^^^^^^^^^^^^^
[rank3]:   File "/p/project1/training2533/lancelin1/WeGenDiffusion/.venv/lib/python3.12/site-packages/torch/nn/modules/module.py", line 1751, in _wrapped_call_impl
[rank3]:     return self._call_impl(*args, **kwargs)
[rank3]:            ^^^^^^^^^^^^^^^^^^^^^^^^^^uted.py", line 1464, in _run_ddp_forward
[rank1]:     return self.module(*inputs, **kwargs)  # type: ignore[index]
[rank1]:            ^^^^^^^^^^^^^^^^^^^^^^^^^^^^^^
[rank1]:   File "/p/project1/training2533/lancelin1/WeGenDiffusion/.venv/lib/python3.12/site-packages/torch/nn/modules/module.py", line 1751, in _wrapped_call_impl
[rank1]:     return self._call_impl(*args, **kwargs)
[rank1]:            ^^^^^^^^^^^^^^^^^^^^^^^^^^^^^^^^
[rank1]:   File "/p/project1/training2533/lancelin1/WeGenDiffusion/.venv/lib/python3.12/site-packages/torch/nn/modules/module.py", line 1762, in _call_impl
[rank1]:     return forward_call(*args, **kwargs)
[rank1]:            ^^^^^^^^^^^^^^^^^^^^^^^^^^^^^
[rank1]:   File "/p/project1/training2533/lancelin1/WeGenDiffusion/models.py", line 258, in forward
[rank1]:     y = self.y_embedder(y, self.training)    # (N, D)
[rank1]:         ^^^^^^^^^^^^^^^^^^^^^^^^^^^^^^^^^
[rank1]:   File "/p/project1/training2533/lancelin1/WeGenDiffusion/.venv/lib/python3.12/site-packages/torch/nn/modules/module.py", line 1751, , in __call__
[rank2]:     return self.model(x, new_ts, **kwargs)
[rank2]:            ^^^^^^^^^^^^^^^^^^^^^^^^^^^^^^^
[rank2]:   File "/p/project1/training2533/lancelin1/WeGenDiffusion/.venv/lib/python3.12/site-packages/torch/nn/modules/module.py", line 1751, in _wrapped_call_impl
[rank2]:     return self._call_impl(*args, **kwargs)
[rank2]:            ^^^^^^^^^^^^^^^^^^^^^^^^^^^^^^^^
[rank2]:   File "/p/project1/training2533/lancelin1/WeGenDiffusion/.venv/lib/python3.12/site-packages/torch/nn/modules/module.py", line 1762, in _call_impl
[rank2]:     return forward_call(*args, **kwargs)
[rank2]:            ^^^^^^^^^^^^^^^^^^^^^^^^^^^^^
[rank2]:   File "/p/project1/training2533/lancelin1/WeGenDiffusion/.venv/lib/python3.12/site-packages/torch/nn/parallel/distributed.py", line 1637, in forward
[rank2]:     else self._run_ddp_forward(*inputs, **kwargs)
[rank2]:          ^^^^^^^^^^^^^^^^^^^^^^^^^^^^^^^^^^^^^^^^
[rank2]:   File "/p/project1/training2533/lancelin1/WeGenDiffusion/.venv/lib/python3.12/site-packages/torch/nn/parallel/distrib, in __call__
[rank0]:     return self.model(x, new_ts, **kwargs)
[rank0]:            ^^^^^^^^^^^^^^^^^^^^^^^^^^^^^^^
[rank0]:   File "/p/project1/training2533/lancelin1/WeGenDiffusion/.venv/lib/python3.12/site-packages/torch/nn/modules/module.py", line 1751, in _wrapped_call_impl
[rank0]:     return self._call_impl(*args, **kwargs)
[rank0]:            ^^^^^^^^^^^^^^^^^^^^^^^^^^^^^^^^
[rank0]:   File "/p/project1/training2533/lancelin1/WeGenDiffusion/.venv/lib/python3.12/site-packages/torch/nn/modules/module.py", line 1762, in _call_impl
[rank0]:     return forward_call(*args, **kwargs)
[rank0]:            ^^^^^^^^^^^^^^^^^^^^^^^^^^^^^
[rank0]:   File "/p/project1/training2533/lancelin1/WeGenDiffusion/.venv/lib/python3.12/site-packages/torch/nn/parallel/distributed.py", line 1637, in forward
[rank0]:     else self._run_ddp_forward(*inputs, **kwargs)
[rank0]:          ^^^^^^^^^^^^^^^^^^^^^^^^^^^^^^^^^^^^^^^^
[rank0]:   File "/p/project1/training2533/lancelin1/WeGenDiffusion/.venv/lib/python3.12/site-packages/torch/nn/parallel/distrib^^^^^^
[rank3]:   File "/p/project1/training2533/lancelin1/WeGenDiffusion/.venv/lib/python3.12/site-packages/torch/nn/modules/module.py", line 1762, in _call_impl
[rank3]:     return forward_call(*args, **kwargs)
[rank3]:            ^^^^^^^^^^^^^^^^^^^^^^^^^^^^^
[rank3]:   File "/p/project1/training2533/lancelin1/WeGenDiffusion/.venv/lib/python3.12/site-packages/torch/nn/modules/sparse.py", line 190, in forward
[rank3]:     return F.embedding(
[rank3]:            ^^^^^^^^^^^^
[rank3]:   File "/p/project1/training2533/lancelin1/WeGenDiffusion/.venv/lib/python3.12/site-packages/torch/nn/functional.py", line 2551, in embedding
[rank3]:     return torch.embedding(weight, input, padding_idx, scale_grad_by_freq, sparse)
[rank3]:            ^^^^^^^^^^^^^^^^^^^^^^^^^^^^^^^^^^^^^^^^^^^^^^^^^^^^^^^^^^^^^^^^^^^^^^^
[rank3]: RuntimeError: Expected tensor for argument #1 'indices' to have one of the following scalar types: Long, Int; but got torch.cuda.FloatTensor instead (while checking arguments for embedding)
in _wrapped_call_impl
[rank1]:     return self._call_impl(*args, **kwargs)
[rank1]:            ^^^^^^^^^^^^^^^^^^^^^^^^^^^^^^^^
[rank1]:   File "/p/project1/training2533/lancelin1/WeGenDiffusion/.venv/lib/python3.12/site-packages/torch/nn/modules/module.py", line 1762, in _call_impl
[rank1]:     return forward_call(*args, **kwargs)
[rank1]:            ^^^^^^^^^^^^^^^^^^^^^^^^^^^^^
[rank1]:   File "/p/project1/training2533/lancelin1/WeGenDiffusion/models.py", line 93, in forward
[rank1]:     embeddings = self.embedding_table(labels)
[rank1]:                  ^^^^^^^^^^^^^^^^^^^^^^^^^^^^
[rank1]:   File "/p/project1/training2533/lancelin1/WeGenDiffusion/.venv/lib/python3.12/site-packages/torch/nn/modules/module.py", line 1751, in _wrapped_call_impl
[rank1]:     return self._call_impl(*args, **kwargs)
[rank1]:            ^^^^^^^^^^^^^^^^^^^^^^^^^^uted.py", line 1464, in _run_ddp_forward
[rank2]:     return self.module(*inputs, **kwargs)  # type: ignore[index]
[rank2]:            ^^^^^^^^^^^^^^^^^^^^^^^^^^^^^^
[rank2]:   File "/p/project1/training2533/lancelin1/WeGenDiffusion/.venv/lib/python3.12/site-packages/torch/nn/modules/module.py", line 1751, in _wrapped_call_impl
[rank2]:     return self._call_impl(*args, **kwargs)
[rank2]:            ^^^^^^^^^^^^^^^^^^^^^^^^^^^^^^^^
[rank2]:   File "/p/project1/training2533/lancelin1/WeGenDiffusion/.venv/lib/python3.12/site-packages/torch/nn/modules/module.py", line 1762, in _call_impl
[rank2]:     return forward_call(*args, **kwargs)
[rank2]:            ^^^^^^^^^^^^^^^^^^^^^^^^^^^^^
[rank2]:   File "/p/project1/training2533/lancelin1/WeGenDiffusion/models.py", line 258, in forward
[rank2]:     y = self.y_embedder(y, self.training)    # (N, D)
[rank2]:         ^^^^^^^^^^^^^^^^^^^^^^^^^^^^^^^^^
[rank2]:   File "/p/project1/training2533/lancelin1/WeGenDiffusion/.venv/lib/python3.12/site-packages/torch/nn/modules/module.py", line 1751, uted.py", line 1464, in _run_ddp_forward
[rank0]:     return self.module(*inputs, **kwargs)  # type: ignore[index]
[rank0]:            ^^^^^^^^^^^^^^^^^^^^^^^^^^^^^^
[rank0]:   File "/p/project1/training2533/lancelin1/WeGenDiffusion/.venv/lib/python3.12/site-packages/torch/nn/modules/module.py", line 1751, in _wrapped_call_impl
[rank0]:     return self._call_impl(*args, **kwargs)
[rank0]:            ^^^^^^^^^^^^^^^^^^^^^^^^^^^^^^^^
[rank0]:   File "/p/project1/training2533/lancelin1/WeGenDiffusion/.venv/lib/python3.12/site-packages/torch/nn/modules/module.py", line 1762, in _call_impl
[rank0]:     return forward_call(*args, **kwargs)
[rank0]:            ^^^^^^^^^^^^^^^^^^^^^^^^^^^^^
[rank0]:   File "/p/project1/training2533/lancelin1/WeGenDiffusion/models.py", line 258, in forward
[rank0]:     y = self.y_embedder(y, self.training)    # (N, D)
[rank0]:         ^^^^^^^^^^^^^^^^^^^^^^^^^^^^^^^^^
[rank0]:   File "/p/project1/training2533/lancelin1/WeGenDiffusion/.venv/lib/python3.12/site-packages/torch/nn/modules/module.py", line 1751, ^^^^^^
[rank1]:   File "/p/project1/training2533/lancelin1/WeGenDiffusion/.venv/lib/python3.12/site-packages/torch/nn/modules/module.py", line 1762, in _call_impl
[rank1]:     return forward_call(*args, **kwargs)
[rank1]:            ^^^^^^^^^^^^^^^^^^^^^^^^^^^^^
[rank1]:   File "/p/project1/training2533/lancelin1/WeGenDiffusion/.venv/lib/python3.12/site-packages/torch/nn/modules/sparse.py", line 190, in forward
[rank1]:     return F.embedding(
[rank1]:            ^^^^^^^^^^^^
[rank1]:   File "/p/project1/training2533/lancelin1/WeGenDiffusion/.venv/lib/python3.12/site-packages/torch/nn/functional.py", line 2551, in embedding
[rank1]:     return torch.embedding(weight, input, padding_idx, scale_grad_by_freq, sparse)
[rank1]:            ^^^^^^^^^^^^^^^^^^^^^^^^^^^^^^^^^^^^^^^^^^^^^^^^^^^^^^^^^^^^^^^^^^^^^^^
[rank1]: RuntimeError: Expected tensor for argument #1 'indices' to have one of the following scalar types: Long, Int; but got torch.cuda.FloatTensor instead (while checking arguments for embedding)
in _wrapped_call_impl
[rank2]:     return self._call_impl(*args, **kwargs)
[rank2]:            ^^^^^^^^^^^^^^^^^^^^^^^^^^^^^^^^
[rank2]:   File "/p/project1/training2533/lancelin1/WeGenDiffusion/.venv/lib/python3.12/site-packages/torch/nn/modules/module.py", line 1762, in _call_impl
[rank2]:     return forward_call(*args, **kwargs)
[rank2]:            ^^^^^^^^^^^^^^^^^^^^^^^^^^^^^
[rank2]:   File "/p/project1/training2533/lancelin1/WeGenDiffusion/models.py", line 93, in forward
[rank2]:     embeddings = self.embedding_table(labels)
[rank2]:                  ^^^^^^^^^^^^^^^^^^^^^^^^^^^^
[rank2]:   File "/p/project1/training2533/lancelin1/WeGenDiffusion/.venv/lib/python3.12/site-packages/torch/nn/modules/module.py", line 1751, in _wrapped_call_impl
[rank2]:     return self._call_impl(*args, **kwargs)
[rank2]:            ^^^^^^^^^^^^^^^^^^^^^^^^^^in _wrapped_call_impl
[rank0]:     return self._call_impl(*args, **kwargs)
[rank0]:            ^^^^^^^^^^^^^^^^^^^^^^^^^^^^^^^^
[rank0]:   File "/p/project1/training2533/lancelin1/WeGenDiffusion/.venv/lib/python3.12/site-packages/torch/nn/modules/module.py", line 1762, in _call_impl
[rank0]:     return forward_call(*args, **kwargs)
[rank0]:            ^^^^^^^^^^^^^^^^^^^^^^^^^^^^^
[rank0]:   File "/p/project1/training2533/lancelin1/WeGenDiffusion/models.py", line 93, in forward
[rank0]:     embeddings = self.embedding_table(labels)
[rank0]:                  ^^^^^^^^^^^^^^^^^^^^^^^^^^^^
[rank0]:   File "/p/project1/training2533/lancelin1/WeGenDiffusion/.venv/lib/python3.12/site-packages/torch/nn/modules/module.py", line 1751, in _wrapped_call_impl
[rank0]:     return self._call_impl(*args, **kwargs)
[rank0]:            ^^^^^^^^^^^^^^^^^^^^^^^^^^^^^^^^
[rank2]:   File "/p/project1/training2533/lancelin1/WeGenDiffusion/.venv/lib/python3.12/site-packages/torch/nn/modules/module.py", line 1762, in _call_impl
[rank2]:     return forward_call(*args, **kwargs)
[rank2]:            ^^^^^^^^^^^^^^^^^^^^^^^^^^^^^
[rank2]:   File "/p/project1/training2533/lancelin1/WeGenDiffusion/.venv/lib/python3.12/site-packages/torch/nn/modules/sparse.py", line 190, in forward
[rank2]:     return F.embedding(
[rank2]:            ^^^^^^^^^^^^
[rank2]:   File "/p/project1/training2533/lancelin1/WeGenDiffusion/.venv/lib/python3.12/site-packages/torch/nn/functional.py", line 2551, in embedding
[rank2]:     return torch.embedding(weight, input, padding_idx, scale_grad_by_freq, sparse)
[rank2]:            ^^^^^^^^^^^^^^^^^^^^^^^^^^^^^^^^^^^^^^^^^^^^^^^^^^^^^^^^^^^^^^^^^^^^^^^
[rank2]: RuntimeError: Expected tensor for argument #1 'indices' to have one of the following scalar types: Long, Int; but got torch.cuda.FloatTensor instead (while checking arguments for embedding)
^^^^^^
[rank0]:   File "/p/project1/training2533/lancelin1/WeGenDiffusion/.venv/lib/python3.12/site-packages/torch/nn/modules/module.py", line 1762, in _call_impl
[rank0]:     return forward_call(*args, **kwargs)
[rank0]:            ^^^^^^^^^^^^^^^^^^^^^^^^^^^^^
[rank0]:   File "/p/project1/training2533/lancelin1/WeGenDiffusion/.venv/lib/python3.12/site-packages/torch/nn/modules/sparse.py", line 190, in forward
[rank0]:     return F.embedding(
[rank0]:            ^^^^^^^^^^^^
[rank0]:   File "/p/project1/training2533/lancelin1/WeGenDiffusion/.venv/lib/python3.12/site-packages/torch/nn/functional.py", line 2551, in embedding
[rank0]:     return torch.embedding(weight, input, padding_idx, scale_grad_by_freq, sparse)
[rank0]:            ^^^^^^^^^^^^^^^^^^^^^^^^^^^^^^^^^^^^^^^^^^^^^^^^^^^^^^^^^^^^^^^^^^^^^^^
[rank0]: RuntimeError: Expected tensor for argument #1 'indices' to have one of the following scalar types: Long, Int; but got torch.cuda.FloatTensor instead (while checking arguments for embedding)
[rank0]:[W828 16:26:54.494667183 ProcessGroupNCCL.cpp:1479] Warning: WARNING: destroy_process_group() was not called before program exit, which can leak resources. For more info, please see https://pytorch.org/docs/stable/distributed.html#shutdown (function operator())
srun: error: jrc0346: tasks 0-3: Exited with exit code 1
